TN:
SF:src/firebase.js
FNF:0
FNH:0
DA:11,0
DA:22,0
DA:23,0
DA:24,0
DA:25,0
DA:26,0
LF:6
LH:0
BRF:0
BRH:0
end_of_record
TN:
SF:src/Pages/CustomTabs.jsx
FN:8,getNoteAtPosition
FN:14,CustomTabs
FN:31,(anonymous_2)
FN:37,(anonymous_3)
FN:53,(anonymous_4)
FN:64,(anonymous_5)
FN:77,(anonymous_6)
FN:78,(anonymous_7)
FN:80,(anonymous_8)
FN:84,(anonymous_9)
FN:111,(anonymous_10)
FN:127,(anonymous_11)
FN:158,(anonymous_12)
FN:190,(anonymous_13)
FN:208,(anonymous_14)
FN:210,(anonymous_15)
FN:217,(anonymous_16)
FN:297,(anonymous_17)
FN:297,(anonymous_18)
FN:312,(anonymous_19)
FN:316,(anonymous_20)
FN:339,(anonymous_21)
FN:344,(anonymous_22)
FN:356,(anonymous_23)
FN:382,(anonymous_24)
FN:412,(anonymous_25)
FN:431,(anonymous_26)
FN:435,(anonymous_27)
FN:505,(anonymous_28)
FN:520,(anonymous_29)
FN:525,(anonymous_30)
FN:568,(anonymous_31)
FN:568,(anonymous_32)
FN:584,(anonymous_33)
FN:588,(anonymous_34)
FN:606,(anonymous_35)
FN:606,(anonymous_36)
FN:622,(anonymous_37)
FN:626,(anonymous_38)
FN:658,(anonymous_39)
FN:665,(anonymous_40)
FN:718,(anonymous_41)
FN:765,(anonymous_42)
FN:782,(anonymous_43)
FN:787,(anonymous_44)
FN:796,(anonymous_45)
FN:810,(anonymous_46)
FN:814,(anonymous_47)
FNF:48
FNH:0
FNDA:0,getNoteAtPosition
FNDA:0,CustomTabs
FNDA:0,(anonymous_2)
FNDA:0,(anonymous_3)
FNDA:0,(anonymous_4)
FNDA:0,(anonymous_5)
FNDA:0,(anonymous_6)
FNDA:0,(anonymous_7)
FNDA:0,(anonymous_8)
FNDA:0,(anonymous_9)
FNDA:0,(anonymous_10)
FNDA:0,(anonymous_11)
FNDA:0,(anonymous_12)
FNDA:0,(anonymous_13)
FNDA:0,(anonymous_14)
FNDA:0,(anonymous_15)
FNDA:0,(anonymous_16)
FNDA:0,(anonymous_17)
FNDA:0,(anonymous_18)
FNDA:0,(anonymous_19)
FNDA:0,(anonymous_20)
FNDA:0,(anonymous_21)
FNDA:0,(anonymous_22)
FNDA:0,(anonymous_23)
FNDA:0,(anonymous_24)
FNDA:0,(anonymous_25)
FNDA:0,(anonymous_26)
FNDA:0,(anonymous_27)
FNDA:0,(anonymous_28)
FNDA:0,(anonymous_29)
FNDA:0,(anonymous_30)
FNDA:0,(anonymous_31)
FNDA:0,(anonymous_32)
FNDA:0,(anonymous_33)
FNDA:0,(anonymous_34)
FNDA:0,(anonymous_35)
FNDA:0,(anonymous_36)
FNDA:0,(anonymous_37)
FNDA:0,(anonymous_38)
FNDA:0,(anonymous_39)
FNDA:0,(anonymous_40)
FNDA:0,(anonymous_41)
FNDA:0,(anonymous_42)
FNDA:0,(anonymous_43)
FNDA:0,(anonymous_44)
FNDA:0,(anonymous_45)
FNDA:0,(anonymous_46)
FNDA:0,(anonymous_47)
DA:5,0
DA:6,0
DA:9,0
DA:10,0
DA:11,0
DA:15,0
DA:16,0
DA:17,0
DA:18,0
DA:19,0
DA:24,0
DA:31,0
DA:32,0
DA:33,0
DA:37,0
DA:38,0
DA:39,0
DA:40,0
DA:41,0
DA:42,0
DA:44,0
DA:47,0
DA:49,0
DA:53,0
DA:54,0
DA:55,0
DA:56,0
DA:59,0
DA:64,0
DA:70,0
DA:77,0
DA:78,0
DA:80,0
DA:84,0
DA:85,0
DA:86,0
DA:87,0
DA:90,0
DA:91,0
DA:92,0
DA:95,0
DA:96,0
DA:97,0
DA:98,0
DA:99,0
DA:100,0
DA:101,0
DA:103,0
DA:106,0
DA:107,0
DA:111,0
DA:112,0
DA:113,0
DA:114,0
DA:115,0
DA:116,0
DA:118,0
DA:121,0
DA:122,0
DA:127,0
DA:128,0
DA:159,0
DA:191,0
DA:209,0
DA:211,0
DA:212,0
DA:214,0
DA:217,0
DA:297,0
DA:313,0
DA:314,0
DA:317,0
DA:318,0
DA:340,0
DA:341,0
DA:342,0
DA:345,0
DA:346,0
DA:347,0
DA:356,0
DA:357,0
DA:383,0
DA:412,0
DA:432,0
DA:433,0
DA:436,0
DA:437,0
DA:448,0
DA:449,0
DA:478,0
DA:505,0
DA:521,0
DA:522,0
DA:523,0
DA:526,0
DA:527,0
DA:528,0
DA:568,0
DA:585,0
DA:586,0
DA:589,0
DA:590,0
DA:606,0
DA:623,0
DA:624,0
DA:627,0
DA:628,0
DA:659,0
DA:660,0
DA:661,0
DA:662,0
DA:666,0
DA:667,0
DA:668,0
DA:669,0
DA:719,0
DA:767,0
DA:783,0
DA:784,0
DA:785,0
DA:788,0
DA:789,0
DA:790,0
DA:796,0
DA:811,0
DA:812,0
DA:815,0
DA:816,0
LF:128
LH:0
BRDA:32,0,0,0
BRDA:32,0,1,0
BRDA:41,1,0,0
BRDA:41,1,1,0
BRDA:54,2,0,0
BRDA:54,2,1,0
BRDA:85,3,0,0
BRDA:85,3,1,0
BRDA:90,4,0,0
BRDA:90,4,1,0
BRDA:97,5,0,0
BRDA:97,5,1,0
BRDA:112,6,0,0
BRDA:112,6,1,0
BRDA:115,7,0,0
BRDA:115,7,1,0
BRDA:212,8,0,0
BRDA:212,8,1,0
BRDA:223,9,0,0
BRDA:223,9,1,0
BRDA:224,10,0,0
BRDA:224,10,1,0
BRDA:230,11,0,0
BRDA:230,11,1,0
BRDA:234,12,0,0
BRDA:234,12,1,0
BRDA:448,13,0,0
BRDA:448,13,1,0
BRDA:531,14,0,0
BRDA:531,14,1,0
BRDA:535,15,0,0
BRDA:535,15,1,0
BRDA:642,16,0,0
BRDA:642,16,1,0
BRDA:651,17,0,0
BRDA:651,17,1,0
BRDA:651,18,0,0
BRDA:651,18,1,0
BRDA:656,19,0,0
BRDA:656,19,1,0
BRDA:656,20,0,0
BRDA:656,20,1,0
BRDA:659,21,0,0
BRDA:659,21,1,0
BRDA:659,22,0,0
BRDA:659,22,1,0
BRDA:666,23,0,0
BRDA:666,23,1,0
BRDA:666,24,0,0
BRDA:666,24,1,0
BRDA:689,25,0,0
BRDA:689,25,1,0
BRDA:700,26,0,0
BRDA:700,26,1,0
BRDA:738,27,0,0
BRDA:738,27,1,0
BRDA:760,28,0,0
BRDA:760,28,1,0
BRF:58
BRH:0
end_of_record
TN:
SF:src/Pages/Home.jsx
FN:10,Home
FN:18,(anonymous_1)
FN:19,(anonymous_2)
FN:38,(anonymous_3)
FN:43,(anonymous_4)
FN:45,(anonymous_5)
FN:94,(anonymous_6)
FN:143,(anonymous_7)
FN:145,(anonymous_8)
FNF:9
FNH:0
FNDA:0,Home
FNDA:0,(anonymous_1)
FNDA:0,(anonymous_2)
FNDA:0,(anonymous_3)
FNDA:0,(anonymous_4)
FNDA:0,(anonymous_5)
FNDA:0,(anonymous_6)
FNDA:0,(anonymous_7)
FNDA:0,(anonymous_8)
DA:11,0
DA:12,0
DA:13,0
DA:14,0
DA:15,0
DA:16,0
DA:18,0
DA:19,0
DA:20,0
DA:21,0
DA:24,0
DA:25,0
DA:26,0
DA:27,0
DA:29,0
DA:30,0
DA:32,0
DA:37,0
DA:38,0
DA:41,0
DA:42,0
DA:43,0
DA:45,0
DA:49,0
DA:94,0
DA:95,0
DA:98,0
DA:144,0
DA:145,0
LF:29
LH:0
BRDA:24,0,0,0
BRDA:24,0,1,0
BRDA:29,1,0,0
BRDA:29,1,1,0
BRDA:41,2,0,0
BRDA:41,2,1,0
BRDA:42,3,0,0
BRDA:42,3,1,0
BRDA:120,4,0,0
BRDA:120,4,1,0
BRDA:124,5,0,0
BRDA:124,5,1,0
BRDA:130,6,0,0
BRDA:130,6,1,0
BRF:14
BRH:0
end_of_record
TN:
SF:src/Pages/PlayAlong.jsx
FN:55,(anonymous_0)
FN:57,(anonymous_1)
FN:119,(anonymous_2)
FN:127,(anonymous_3)
FN:153,(anonymous_4)
FN:165,(anonymous_5)
FN:210,(anonymous_6)
FN:220,(anonymous_7)
FN:236,(anonymous_8)
FN:249,(anonymous_9)
FN:261,(anonymous_10)
FN:277,PlayAlong
FN:295,(anonymous_12)
FN:301,(anonymous_13)
FN:323,(anonymous_14)
FN:326,(anonymous_15)
FN:327,(anonymous_16)
FN:337,(anonymous_17)
FN:339,(anonymous_18)
FN:342,(anonymous_19)
FN:350,(anonymous_20)
FN:352,(anonymous_21)
FN:357,(anonymous_22)
FN:372,(anonymous_23)
FN:391,(anonymous_24)
FN:404,(anonymous_25)
FN:418,(anonymous_26)
FN:423,(anonymous_27)
FN:433,(anonymous_28)
FN:439,(anonymous_29)
FN:519,(anonymous_30)
FN:521,(anonymous_31)
FN:571,(anonymous_32)
FN:582,(anonymous_33)
FN:614,(anonymous_34)
FN:618,(anonymous_35)
FN:619,(anonymous_36)
FN:636,(anonymous_37)
FN:650,(anonymous_38)
FN:653,(anonymous_39)
FN:665,(anonymous_40)
FN:671,(anonymous_41)
FN:715,(anonymous_42)
FN:743,(anonymous_43)
FN:754,(anonymous_44)
FN:770,(anonymous_45)
FN:781,(anonymous_46)
FN:828,(anonymous_47)
FN:839,(anonymous_48)
FN:852,(anonymous_49)
FN:891,(anonymous_50)
FN:906,(anonymous_51)
FN:926,(anonymous_52)
FN:928,(anonymous_53)
FN:983,(anonymous_54)
FN:990,(anonymous_55)
FN:1006,(anonymous_56)
FN:1010,(anonymous_57)
FN:1025,(anonymous_58)
FN:1029,(anonymous_59)
FN:1032,(anonymous_60)
FN:1137,(anonymous_61)
FNF:62
FNH:0
FNDA:0,(anonymous_0)
FNDA:0,(anonymous_1)
FNDA:0,(anonymous_2)
FNDA:0,(anonymous_3)
FNDA:0,(anonymous_4)
FNDA:0,(anonymous_5)
FNDA:0,(anonymous_6)
FNDA:0,(anonymous_7)
FNDA:0,(anonymous_8)
FNDA:0,(anonymous_9)
FNDA:0,(anonymous_10)
FNDA:0,PlayAlong
FNDA:0,(anonymous_12)
FNDA:0,(anonymous_13)
FNDA:0,(anonymous_14)
FNDA:0,(anonymous_15)
FNDA:0,(anonymous_16)
FNDA:0,(anonymous_17)
FNDA:0,(anonymous_18)
FNDA:0,(anonymous_19)
FNDA:0,(anonymous_20)
FNDA:0,(anonymous_21)
FNDA:0,(anonymous_22)
FNDA:0,(anonymous_23)
FNDA:0,(anonymous_24)
FNDA:0,(anonymous_25)
FNDA:0,(anonymous_26)
FNDA:0,(anonymous_27)
FNDA:0,(anonymous_28)
FNDA:0,(anonymous_29)
FNDA:0,(anonymous_30)
FNDA:0,(anonymous_31)
FNDA:0,(anonymous_32)
FNDA:0,(anonymous_33)
FNDA:0,(anonymous_34)
FNDA:0,(anonymous_35)
FNDA:0,(anonymous_36)
FNDA:0,(anonymous_37)
FNDA:0,(anonymous_38)
FNDA:0,(anonymous_39)
FNDA:0,(anonymous_40)
FNDA:0,(anonymous_41)
FNDA:0,(anonymous_42)
FNDA:0,(anonymous_43)
FNDA:0,(anonymous_44)
FNDA:0,(anonymous_45)
FNDA:0,(anonymous_46)
FNDA:0,(anonymous_47)
FNDA:0,(anonymous_48)
FNDA:0,(anonymous_49)
FNDA:0,(anonymous_50)
FNDA:0,(anonymous_51)
FNDA:0,(anonymous_52)
FNDA:0,(anonymous_53)
FNDA:0,(anonymous_54)
FNDA:0,(anonymous_55)
FNDA:0,(anonymous_56)
FNDA:0,(anonymous_57)
FNDA:0,(anonymous_58)
FNDA:0,(anonymous_59)
FNDA:0,(anonymous_60)
FNDA:0,(anonymous_61)
DA:11,0
DA:54,0
DA:55,0
DA:57,0
DA:62,0
DA:119,0
DA:120,0
DA:122,0
DA:128,0
DA:153,0
DA:154,0
DA:155,0
DA:156,0
DA:157,0
DA:158,0
DA:159,0
DA:160,0
DA:161,0
DA:162,0
DA:165,0
DA:166,0
DA:167,0
DA:168,0
DA:169,0
DA:170,0
DA:172,0
DA:173,0
DA:174,0
DA:177,0
DA:178,0
DA:179,0
DA:182,0
DA:184,0
DA:185,0
DA:186,0
DA:187,0
DA:188,0
DA:199,0
DA:202,0
DA:204,0
DA:205,0
DA:206,0
DA:207,0
DA:211,0
DA:221,0
DA:237,0
DA:250,0
DA:262,0
DA:278,0
DA:279,0
DA:280,0
DA:281,0
DA:282,0
DA:283,0
DA:284,0
DA:285,0
DA:286,0
DA:287,0
DA:288,0
DA:289,0
DA:290,0
DA:291,0
DA:292,0
DA:295,0
DA:296,0
DA:297,0
DA:301,0
DA:302,0
DA:303,0
DA:304,0
DA:305,0
DA:306,0
DA:307,0
DA:309,0
DA:312,0
DA:314,0
DA:319,0
DA:320,0
DA:322,0
DA:323,0
DA:324,0
DA:326,0
DA:327,0
DA:329,0
DA:330,0
DA:333,0
DA:334,0
DA:337,0
DA:338,0
DA:339,0
DA:340,0
DA:342,0
DA:347,0
DA:350,0
DA:352,0
DA:353,0
DA:354,0
DA:356,0
DA:357,0
DA:362,0
DA:368,0
DA:369,0
DA:372,0
DA:373,0
DA:374,0
DA:376,0
DA:379,0
DA:380,0
DA:383,0
DA:384,0
DA:385,0
DA:388,0
DA:391,0
DA:392,0
DA:393,0
DA:394,0
DA:395,0
DA:396,0
DA:397,0
DA:399,0
DA:401,0
DA:404,0
DA:405,0
DA:406,0
DA:407,0
DA:408,0
DA:409,0
DA:410,0
DA:411,0
DA:413,0
DA:415,0
DA:418,0
DA:419,0
DA:423,0
DA:424,0
DA:425,0
DA:426,0
DA:427,0
DA:428,0
DA:429,0
DA:433,0
DA:434,0
DA:435,0
DA:439,0
DA:440,0
DA:443,0
DA:446,0
DA:447,0
DA:448,0
DA:449,0
DA:451,0
DA:454,0
DA:455,0
DA:456,0
DA:457,0
DA:458,0
DA:462,0
DA:463,0
DA:464,0
DA:468,0
DA:469,0
DA:470,0
DA:471,0
DA:473,0
DA:474,0
DA:475,0
DA:476,0
DA:477,0
DA:478,0
DA:479,0
DA:480,0
DA:481,0
DA:482,0
DA:483,0
DA:484,0
DA:485,0
DA:486,0
DA:487,0
DA:488,0
DA:489,0
DA:490,0
DA:491,0
DA:492,0
DA:493,0
DA:494,0
DA:495,0
DA:496,0
DA:497,0
DA:500,0
DA:501,0
DA:506,0
DA:508,0
DA:509,0
DA:512,0
DA:513,0
DA:514,0
DA:516,0
DA:519,0
DA:521,0
DA:522,0
DA:526,0
DA:527,0
DA:530,0
DA:533,0
DA:542,0
DA:543,0
DA:552,0
DA:560,0
DA:561,0
DA:563,0
DA:566,0
DA:571,0
DA:573,0
DA:576,0
DA:577,0
DA:578,0
DA:582,0
DA:585,0
DA:586,0
DA:587,0
DA:589,0
DA:590,0
DA:593,0
DA:602,0
DA:603,0
DA:614,0
DA:615,0
DA:616,0
DA:617,0
DA:618,0
DA:619,0
DA:620,0
DA:621,0
DA:622,0
DA:624,0
DA:625,0
DA:626,0
DA:627,0
DA:628,0
DA:629,0
DA:630,0
DA:631,0
DA:633,0
DA:636,0
DA:637,0
DA:643,0
DA:645,0
DA:650,0
DA:651,0
DA:653,0
DA:654,0
DA:655,0
DA:657,0
DA:660,0
DA:661,0
DA:662,0
DA:665,0
DA:666,0
DA:671,0
DA:672,0
DA:675,0
DA:676,0
DA:677,0
DA:678,0
DA:679,0
DA:681,0
DA:683,0
DA:692,0
DA:695,0
DA:703,0
DA:704,0
DA:705,0
DA:707,0
DA:710,0
DA:715,0
DA:716,0
DA:717,0
DA:718,0
DA:721,0
DA:722,0
DA:723,0
DA:726,0
DA:729,0
DA:736,0
DA:739,0
DA:740,0
DA:743,0
DA:744,0
DA:745,0
DA:749,0
DA:754,0
DA:755,0
DA:756,0
DA:757,0
DA:760,0
DA:761,0
DA:764,0
DA:767,0
DA:770,0
DA:771,0
DA:772,0
DA:776,0
DA:781,0
DA:782,0
DA:783,0
DA:784,0
DA:787,0
DA:788,0
DA:791,0
DA:792,0
DA:825,0
DA:828,0
DA:829,0
DA:830,0
DA:834,0
DA:839,0
DA:840,0
DA:841,0
DA:842,0
DA:843,0
DA:844,0
DA:845,0
DA:846,0
DA:847,0
DA:848,0
DA:852,0
DA:853,0
DA:854,0
DA:855,0
DA:858,0
DA:859,0
DA:860,0
DA:861,0
DA:864,0
DA:865,0
DA:866,0
DA:868,0
DA:870,0
DA:871,0
DA:879,0
DA:882,0
DA:883,0
DA:886,0
DA:891,0
DA:892,0
DA:893,0
DA:894,0
DA:895,0
DA:896,0
DA:898,0
DA:899,0
DA:900,0
DA:902,0
DA:906,0
DA:907,0
DA:908,0
DA:911,0
DA:912,0
DA:913,0
DA:914,0
DA:915,0
DA:917,0
DA:920,0
DA:927,0
DA:929,0
DA:935,0
DA:983,0
DA:990,0
DA:1006,0
DA:1011,0
DA:1025,0
DA:1030,0
DA:1033,0
DA:1138,0
DA:1139,0
DA:1149,0
DA:1150,0
LF:377
LH:0
BRDA:130,0,0,0
BRDA:130,0,1,0
BRDA:139,1,0,0
BRDA:139,1,1,0
BRDA:143,2,0,0
BRDA:143,2,1,0
BRDA:153,3,0,0
BRDA:166,4,0,0
BRDA:166,4,1,0
BRDA:166,5,0,0
BRDA:166,5,1,0
BRDA:174,6,0,0
BRDA:174,6,1,0
BRDA:182,7,0,0
BRDA:182,7,1,0
BRDA:182,8,0,0
BRDA:182,8,1,0
BRDA:213,9,0,0
BRDA:213,9,1,0
BRDA:213,10,0,0
BRDA:213,10,1,0
BRDA:223,11,0,0
BRDA:223,11,1,0
BRDA:223,12,0,0
BRDA:223,12,1,0
BRDA:223,12,2,0
BRDA:223,12,3,0
BRDA:239,13,0,0
BRDA:239,13,1,0
BRDA:296,14,0,0
BRDA:296,14,1,0
BRDA:305,15,0,0
BRDA:305,15,1,0
BRDA:324,16,0,0
BRDA:324,16,1,0
BRDA:324,17,0,0
BRDA:324,17,1,0
BRDA:329,18,0,0
BRDA:329,18,1,0
BRDA:329,19,0,0
BRDA:329,19,1,0
BRDA:338,20,0,0
BRDA:338,20,1,0
BRDA:362,21,0,0
BRDA:362,21,1,0
BRDA:362,22,0,0
BRDA:362,22,1,0
BRDA:368,23,0,0
BRDA:368,23,1,0
BRDA:373,24,0,0
BRDA:373,24,1,0
BRDA:383,25,0,0
BRDA:383,25,1,0
BRDA:388,26,0,0
BRDA:388,26,1,0
BRDA:392,27,0,0
BRDA:392,27,1,0
BRDA:392,28,0,0
BRDA:392,28,1,0
BRDA:395,29,0,0
BRDA:395,29,1,0
BRDA:396,30,0,0
BRDA:396,30,1,0
BRDA:405,31,0,0
BRDA:405,31,1,0
BRDA:405,32,0,0
BRDA:405,32,1,0
BRDA:409,33,0,0
BRDA:409,33,1,0
BRDA:410,34,0,0
BRDA:410,34,1,0
BRDA:419,35,0,0
BRDA:419,35,1,0
BRDA:425,36,0,0
BRDA:425,36,1,0
BRDA:434,37,0,0
BRDA:434,37,1,0
BRDA:439,38,0,0
BRDA:440,39,0,0
BRDA:440,39,1,0
BRDA:447,40,0,0
BRDA:447,40,1,0
BRDA:447,41,0,0
BRDA:447,41,1,0
BRDA:454,42,0,0
BRDA:454,42,1,0
BRDA:462,43,0,0
BRDA:462,43,1,0
BRDA:473,44,0,0
BRDA:473,44,1,0
BRDA:475,45,0,0
BRDA:475,45,1,0
BRDA:480,46,0,0
BRDA:480,46,1,0
BRDA:485,47,0,0
BRDA:485,47,1,0
BRDA:490,48,0,0
BRDA:490,48,1,0
BRDA:495,49,0,0
BRDA:495,49,1,0
BRDA:545,50,0,0
BRDA:545,50,1,0
BRDA:545,50,2,0
BRDA:554,51,0,0
BRDA:554,51,1,0
BRDA:554,51,2,0
BRDA:560,52,0,0
BRDA:560,52,1,0
BRDA:576,53,0,0
BRDA:576,53,1,0
BRDA:602,54,0,0
BRDA:602,54,1,0
BRDA:605,55,0,0
BRDA:605,55,1,0
BRDA:605,55,2,0
BRDA:615,56,0,0
BRDA:615,56,1,0
BRDA:615,57,0,0
BRDA:615,57,1,0
BRDA:620,58,0,0
BRDA:620,58,1,0
BRDA:651,59,0,0
BRDA:651,59,1,0
BRDA:662,60,0,0
BRDA:662,60,1,0
BRDA:672,61,0,0
BRDA:672,61,1,0
BRDA:685,62,0,0
BRDA:685,62,1,0
BRDA:685,62,2,0
BRDA:697,63,0,0
BRDA:697,63,1,0
BRDA:697,63,2,0
BRDA:703,64,0,0
BRDA:703,64,1,0
BRDA:716,65,0,0
BRDA:716,65,1,0
BRDA:731,66,0,0
BRDA:731,66,1,0
BRDA:755,67,0,0
BRDA:755,67,1,0
BRDA:767,68,0,0
BRDA:767,68,1,0
BRDA:782,69,0,0
BRDA:782,69,1,0
BRDA:814,70,0,0
BRDA:814,70,1,0
BRDA:853,71,0,0
BRDA:853,71,1,0
BRDA:873,72,0,0
BRDA:873,72,1,0
BRDA:873,72,2,0
BRDA:898,73,0,0
BRDA:898,73,1,0
BRDA:911,74,0,0
BRDA:911,74,1,0
BRDA:911,75,0,0
BRDA:911,75,1,0
BRDA:922,76,0,0
BRDA:922,76,1,0
BRDA:922,76,2,0
BRDA:952,77,0,0
BRDA:952,77,1,0
BRDA:984,78,0,0
BRDA:984,78,1,0
BRDA:991,79,0,0
BRDA:991,79,1,0
BRDA:999,80,0,0
BRDA:999,80,1,0
BRDA:1018,81,0,0
BRDA:1018,81,1,0
BRDA:1106,82,0,0
BRDA:1106,82,1,0
BRDA:1112,83,0,0
BRDA:1112,83,1,0
BRDA:1112,83,2,0
BRDA:1117,84,0,0
BRDA:1117,84,1,0
BRDA:1119,85,0,0
BRDA:1119,85,1,0
BRDA:1127,86,0,0
BRDA:1127,86,1,0
BRDA:1127,86,2,0
BRDA:1141,87,0,0
BRDA:1141,87,1,0
BRDA:1141,88,0,0
BRDA:1141,88,1,0
BRDA:1143,89,0,0
BRDA:1143,89,1,0
BRDA:1168,90,0,0
BRDA:1168,90,1,0
BRDA:1179,91,0,0
BRDA:1179,91,1,0
BRF:193
BRH:0
end_of_record
TN:
SF:src/Pages/Practice.jsx
FN:8,Practice
FN:13,(anonymous_1)
FN:21,(anonymous_2)
FN:50,(anonymous_3)
FNF:4
FNH:0
FNDA:0,Practice
FNDA:0,(anonymous_1)
FNDA:0,(anonymous_2)
FNDA:0,(anonymous_3)
DA:9,0
DA:10,0
DA:13,0
DA:14,0
DA:15,0
DA:17,0
DA:21,0
DA:22,0
DA:25,0
DA:50,0
LF:10
LH:0
BRDA:14,0,0,0
BRDA:14,0,1,0
BRDA:56,1,0,0
BRDA:56,1,1,0
BRF:4
BRH:0
end_of_record
TN:
SF:src/Pages/ResetPassword.jsx
FN:5,ResetPassword
FN:9,(anonymous_1)
FN:29,(anonymous_2)
FNF:3
FNH:0
FNDA:0,ResetPassword
FNDA:0,(anonymous_1)
FNDA:0,(anonymous_2)
DA:6,0
DA:7,0
DA:9,0
DA:10,0
DA:11,0
DA:12,0
DA:13,0
DA:14,0
DA:16,0
DA:20,0
DA:29,0
LF:11
LH:0
BRDA:35,0,0,0
BRDA:35,0,1,0
BRF:2
BRH:0
end_of_record
TN:
SF:src/Pages/Scoreboard.jsx
FN:7,Scoreboard
FN:17,(anonymous_1)
FN:32,(anonymous_2)
FN:39,(anonymous_3)
FN:50,(anonymous_4)
FN:66,(anonymous_5)
FN:75,(anonymous_6)
FN:85,(anonymous_7)
FN:88,(anonymous_8)
FN:100,(anonymous_9)
FN:429,(anonymous_10)
FNF:11
FNH:0
FNDA:0,Scoreboard
FNDA:0,(anonymous_1)
FNDA:0,(anonymous_2)
FNDA:0,(anonymous_3)
FNDA:0,(anonymous_4)
FNDA:0,(anonymous_5)
FNDA:0,(anonymous_6)
FNDA:0,(anonymous_7)
FNDA:0,(anonymous_8)
FNDA:0,(anonymous_9)
FNDA:0,(anonymous_10)
DA:8,0
DA:9,0
DA:10,0
DA:11,0
DA:12,0
DA:13,0
DA:14,0
DA:17,0
DA:18,0
DA:20,0
DA:21,0
DA:22,0
DA:23,0
DA:24,0
DA:26,0
DA:27,0
DA:32,0
DA:33,0
DA:34,0
DA:35,0
DA:36,0
DA:37,0
DA:39,0
DA:41,0
DA:44,0
DA:45,0
DA:50,0
DA:51,0
DA:52,0
DA:53,0
DA:54,0
DA:55,0
DA:57,0
DA:60,0
DA:61,0
DA:66,0
DA:67,0
DA:69,0
DA:70,0
DA:71,0
DA:72,0
DA:73,0
DA:75,0
DA:77,0
DA:80,0
DA:81,0
DA:85,0
DA:86,0
DA:88,0
DA:89,0
DA:90,0
DA:91,0
DA:92,0
DA:94,0
DA:97,0
DA:100,0
DA:101,0
DA:102,0
DA:103,0
DA:104,0
DA:105,0
DA:107,0
DA:108,0
DA:113,0
DA:114,0
DA:115,0
DA:116,0
DA:117,0
DA:119,0
DA:120,0
DA:123,0
DA:125,0
DA:126,0
DA:128,0
DA:132,0
DA:135,0
DA:136,0
DA:153,0
DA:154,0
DA:171,0
DA:430,0
LF:81
LH:0
BRDA:18,0,0,0
BRDA:18,0,1,0
BRDA:23,1,0,0
BRDA:23,1,1,0
BRDA:36,2,0,0
BRDA:36,2,1,0
BRDA:54,3,0,0
BRDA:54,3,1,0
BRDA:67,4,0,0
BRDA:67,4,1,0
BRDA:72,5,0,0
BRDA:72,5,1,0
BRDA:86,6,0,0
BRDA:86,6,1,0
BRDA:102,7,0,0
BRDA:102,7,1,0
BRDA:103,8,0,0
BRDA:103,8,1,0
BRDA:115,9,0,0
BRDA:115,9,1,0
BRDA:135,10,0,0
BRDA:135,10,1,0
BRDA:153,11,0,0
BRDA:153,11,1,0
BRDA:196,12,0,0
BRDA:196,12,1,0
BRDA:208,13,0,0
BRDA:208,13,1,0
BRDA:302,14,0,0
BRDA:302,14,1,0
BRDA:304,15,0,0
BRDA:304,15,1,0
BRDA:304,16,0,0
BRDA:304,16,1,0
BRDA:309,17,0,0
BRDA:309,17,1,0
BRDA:310,18,0,0
BRDA:310,18,1,0
BRDA:318,19,0,0
BRDA:318,19,1,0
BRDA:349,20,0,0
BRDA:349,20,1,0
BRDA:361,21,0,0
BRDA:361,21,1,0
BRDA:373,22,0,0
BRDA:373,22,1,0
BRDA:385,23,0,0
BRDA:385,23,1,0
BRDA:412,24,0,0
BRDA:412,24,1,0
BRDA:434,25,0,0
BRDA:434,25,1,0
BRDA:438,26,0,0
BRDA:438,26,1,0
BRDA:445,27,0,0
BRDA:445,27,1,0
BRDA:445,28,0,0
BRDA:445,28,1,0
BRDA:445,29,0,0
BRDA:445,29,1,0
BRF:60
BRH:0
end_of_record
TN:
SF:src/Pages/SearchHistory.jsx
FN:6,(anonymous_0)
FN:10,(anonymous_1)
FN:16,(anonymous_2)
FN:49,(anonymous_3)
FN:66,(anonymous_4)
FN:78,(anonymous_5)
FN:84,(anonymous_6)
FNF:7
FNH:0
FNDA:0,(anonymous_0)
FNDA:0,(anonymous_1)
FNDA:0,(anonymous_2)
FNDA:0,(anonymous_3)
FNDA:0,(anonymous_4)
FNDA:0,(anonymous_5)
FNDA:0,(anonymous_6)
DA:6,0
DA:7,0
DA:8,0
DA:10,0
DA:11,0
DA:12,0
DA:13,0
DA:16,0
DA:18,0
DA:22,0
DA:23,0
DA:25,0
DA:26,0
DA:33,0
DA:49,0
DA:67,0
DA:78,0
DA:84,0
LF:18
LH:0
BRDA:11,0,0,0
BRDA:11,0,1,0
BRDA:12,1,0,0
BRDA:12,1,1,0
BRDA:25,2,0,0
BRDA:25,2,1,0
BRDA:44,3,0,0
BRDA:44,3,1,0
BRDA:70,4,0,0
BRDA:70,4,1,0
BRF:10
BRH:0
end_of_record
TN:
SF:src/Pages/Settings.jsx
FN:10,Settings
FN:14,(anonymous_1)
FNF:2
FNH:0
FNDA:0,Settings
FNDA:0,(anonymous_1)
DA:11,0
DA:12,0
DA:14,0
DA:15,0
DA:16,0
DA:18,0
DA:22,0
LF:7
LH:0
BRDA:100,0,0,0
BRDA:100,0,1,0
BRDA:113,1,0,0
BRDA:113,1,1,0
BRDA:121,2,0,0
BRDA:121,2,1,0
BRF:6
BRH:0
end_of_record
TN:
SF:src/Pages/Tuner.jsx
FN:4,Tuner
FNF:1
FNH:0
FNDA:0,Tuner
DA:5,0
LF:1
LH:0
BRF:0
BRH:0
end_of_record
TN:
SF:src/components/AnimatedLogo.jsx
FN:6,(anonymous_0)
FN:20,(anonymous_1)
FN:21,(anonymous_2)
FN:27,(anonymous_3)
FN:34,(anonymous_4)
FN:42,(anonymous_5)
FN:45,(anonymous_6)
FN:46,(anonymous_7)
FN:50,(anonymous_8)
FNF:9
FNH:0
FNDA:0,(anonymous_0)
FNDA:0,(anonymous_1)
FNDA:0,(anonymous_2)
FNDA:0,(anonymous_3)
FNDA:0,(anonymous_4)
FNDA:0,(anonymous_5)
FNDA:0,(anonymous_6)
FNDA:0,(anonymous_7)
FNDA:0,(anonymous_8)
DA:6,0
DA:7,0
DA:8,0
DA:9,0
DA:10,0
DA:12,0
DA:20,0
DA:21,0
DA:22,0
DA:23,0
DA:24,0
DA:25,0
DA:27,0
DA:28,0
DA:29,0
DA:33,0
DA:34,0
DA:35,0
DA:36,0
DA:42,0
DA:45,0
DA:46,0
DA:47,0
DA:50,0
DA:53,0
LF:25
LH:0
BRDA:22,0,0,0
BRDA:22,0,1,0
BRDA:24,1,0,0
BRDA:24,1,1,0
BRDA:35,2,0,0
BRDA:35,2,1,0
BRDA:80,3,0,0
BRDA:80,3,1,0
BRF:8
BRH:0
end_of_record
TN:
SF:src/components/GuitarObjDetection.jsx
FN:36,getScaleNotes
FN:39,(anonymous_1)
FN:42,getNoteAtPosition
FN:48,getStringNotePositions
FN:72,GuitarObjDetection
FN:75,(anonymous_5)
FN:100,(anonymous_6)
FN:126,(anonymous_7)
FN:127,(anonymous_8)
FN:135,(anonymous_9)
FN:136,(anonymous_10)
FN:137,(anonymous_11)
FN:138,(anonymous_12)
FN:144,(anonymous_13)
FN:153,(anonymous_14)
FN:163,(anonymous_15)
FN:175,(anonymous_16)
FN:176,(anonymous_17)
FN:181,(anonymous_18)
FN:192,(anonymous_19)
FN:195,(anonymous_20)
FN:203,(anonymous_21)
FN:216,(anonymous_22)
FN:223,(anonymous_23)
FN:224,handleResize
FN:231,(anonymous_25)
FN:234,(anonymous_26)
FN:236,(anonymous_27)
FN:250,(anonymous_28)
FN:260,(anonymous_29)
FN:267,(anonymous_30)
FN:270,(anonymous_31)
FN:277,(anonymous_32)
FN:278,(anonymous_33)
FN:279,(anonymous_34)
FN:280,(anonymous_35)
FN:290,(anonymous_36)
FN:364,(anonymous_37)
FN:378,(anonymous_38)
FN:400,(anonymous_39)
FN:462,(anonymous_40)
FN:487,(anonymous_41)
FN:510,(anonymous_42)
FN:535,(anonymous_43)
FN:568,(anonymous_44)
FN:576,(anonymous_45)
FN:596,(anonymous_46)
FN:605,handleCalibration
FN:619,(anonymous_48)
FN:654,(anonymous_49)
FN:675,(anonymous_50)
FN:689,(anonymous_51)
FN:705,(anonymous_52)
FN:716,(anonymous_53)
FN:748,handleStopCalibration
FN:754,handleRetakeFrame
FN:762,handleOverrideConfirm
FN:772,(anonymous_57)
FN:795,(anonymous_58)
FN:796,(anonymous_59)
FN:827,(anonymous_60)
FN:849,(anonymous_61)
FN:922,(anonymous_62)
FN:934,(anonymous_63)
FN:941,(anonymous_64)
FN:948,(anonymous_65)
FN:955,(anonymous_66)
FN:1011,(anonymous_67)
FN:1015,(anonymous_68)
FN:1022,(anonymous_69)
FN:1035,(anonymous_70)
FN:1039,(anonymous_71)
FN:1047,(anonymous_72)
FN:1051,(anonymous_73)
FNF:74
FNH:0
FNDA:0,getScaleNotes
FNDA:0,(anonymous_1)
FNDA:0,getNoteAtPosition
FNDA:0,getStringNotePositions
FNDA:0,GuitarObjDetection
FNDA:0,(anonymous_5)
FNDA:0,(anonymous_6)
FNDA:0,(anonymous_7)
FNDA:0,(anonymous_8)
FNDA:0,(anonymous_9)
FNDA:0,(anonymous_10)
FNDA:0,(anonymous_11)
FNDA:0,(anonymous_12)
FNDA:0,(anonymous_13)
FNDA:0,(anonymous_14)
FNDA:0,(anonymous_15)
FNDA:0,(anonymous_16)
FNDA:0,(anonymous_17)
FNDA:0,(anonymous_18)
FNDA:0,(anonymous_19)
FNDA:0,(anonymous_20)
FNDA:0,(anonymous_21)
FNDA:0,(anonymous_22)
FNDA:0,(anonymous_23)
FNDA:0,handleResize
FNDA:0,(anonymous_25)
FNDA:0,(anonymous_26)
FNDA:0,(anonymous_27)
FNDA:0,(anonymous_28)
FNDA:0,(anonymous_29)
FNDA:0,(anonymous_30)
FNDA:0,(anonymous_31)
FNDA:0,(anonymous_32)
FNDA:0,(anonymous_33)
FNDA:0,(anonymous_34)
FNDA:0,(anonymous_35)
FNDA:0,(anonymous_36)
FNDA:0,(anonymous_37)
FNDA:0,(anonymous_38)
FNDA:0,(anonymous_39)
FNDA:0,(anonymous_40)
FNDA:0,(anonymous_41)
FNDA:0,(anonymous_42)
FNDA:0,(anonymous_43)
FNDA:0,(anonymous_44)
FNDA:0,(anonymous_45)
FNDA:0,(anonymous_46)
FNDA:0,handleCalibration
FNDA:0,(anonymous_48)
FNDA:0,(anonymous_49)
FNDA:0,(anonymous_50)
FNDA:0,(anonymous_51)
FNDA:0,(anonymous_52)
FNDA:0,(anonymous_53)
FNDA:0,handleStopCalibration
FNDA:0,handleRetakeFrame
FNDA:0,handleOverrideConfirm
FNDA:0,(anonymous_57)
FNDA:0,(anonymous_58)
FNDA:0,(anonymous_59)
FNDA:0,(anonymous_60)
FNDA:0,(anonymous_61)
FNDA:0,(anonymous_62)
FNDA:0,(anonymous_63)
FNDA:0,(anonymous_64)
FNDA:0,(anonymous_65)
FNDA:0,(anonymous_66)
FNDA:0,(anonymous_67)
FNDA:0,(anonymous_68)
FNDA:0,(anonymous_69)
FNDA:0,(anonymous_70)
FNDA:0,(anonymous_71)
FNDA:0,(anonymous_72)
FNDA:0,(anonymous_73)
DA:21,0
DA:22,0
DA:23,0
DA:37,0
DA:38,0
DA:39,0
DA:43,0
DA:44,0
DA:45,0
DA:49,0
DA:50,0
DA:51,0
DA:52,0
DA:53,0
DA:54,0
DA:57,0
DA:73,0
DA:75,0
DA:76,0
DA:78,0
DA:79,0
DA:81,0
DA:82,0
DA:87,0
DA:88,0
DA:91,0
DA:92,0
DA:93,0
DA:96,0
DA:97,0
DA:98,0
DA:99,0
DA:100,0
DA:103,0
DA:116,0
DA:119,0
DA:120,0
DA:121,0
DA:124,0
DA:126,0
DA:127,0
DA:131,0
DA:132,0
DA:133,0
DA:134,0
DA:135,0
DA:136,0
DA:137,0
DA:138,0
DA:142,0
DA:144,0
DA:145,0
DA:146,0
DA:147,0
DA:153,0
DA:158,0
DA:159,0
DA:163,0
DA:164,0
DA:165,0
DA:168,0
DA:169,0
DA:175,0
DA:176,0
DA:177,0
DA:181,0
DA:182,0
DA:183,0
DA:192,0
DA:193,0
DA:194,0
DA:195,0
DA:196,0
DA:197,0
DA:198,0
DA:199,0
DA:200,0
DA:203,0
DA:204,0
DA:205,0
DA:206,0
DA:207,0
DA:208,0
DA:209,0
DA:210,0
DA:211,0
DA:212,0
DA:213,0
DA:214,0
DA:217,0
DA:218,0
DA:223,0
DA:225,0
DA:226,0
DA:227,0
DA:230,0
DA:231,0
DA:234,0
DA:235,0
DA:236,0
DA:237,0
DA:239,0
DA:240,0
DA:242,0
DA:243,0
DA:244,0
DA:246,0
DA:250,0
DA:252,0
DA:254,0
DA:260,0
DA:261,0
DA:262,0
DA:263,0
DA:264,0
DA:267,0
DA:270,0
DA:274,0
DA:275,0
DA:276,0
DA:277,0
DA:278,0
DA:279,0
DA:280,0
DA:281,0
DA:282,0
DA:288,0
DA:289,0
DA:290,0
DA:293,0
DA:294,0
DA:296,0
DA:297,0
DA:298,0
DA:299,0
DA:303,0
DA:304,0
DA:305,0
DA:308,0
DA:309,0
DA:310,0
DA:311,0
DA:312,0
DA:313,0
DA:314,0
DA:316,0
DA:318,0
DA:319,0
DA:321,0
DA:322,0
DA:323,0
DA:324,0
DA:326,0
DA:327,0
DA:328,0
DA:329,0
DA:330,0
DA:331,0
DA:332,0
DA:334,0
DA:335,0
DA:336,0
DA:337,0
DA:338,0
DA:339,0
DA:340,0
DA:341,0
DA:342,0
DA:343,0
DA:344,0
DA:345,0
DA:346,0
DA:347,0
DA:348,0
DA:350,0
DA:351,0
DA:352,0
DA:353,0
DA:354,0
DA:356,0
DA:357,0
DA:358,0
DA:364,0
DA:365,0
DA:366,0
DA:369,0
DA:370,0
DA:371,0
DA:373,0
DA:374,0
DA:375,0
DA:376,0
DA:378,0
DA:379,0
DA:381,0
DA:384,0
DA:385,0
DA:386,0
DA:387,0
DA:390,0
DA:393,0
DA:394,0
DA:395,0
DA:397,0
DA:398,0
DA:399,0
DA:400,0
DA:403,0
DA:404,0
DA:405,0
DA:406,0
DA:407,0
DA:408,0
DA:409,0
DA:411,0
DA:412,0
DA:413,0
DA:415,0
DA:419,0
DA:420,0
DA:421,0
DA:422,0
DA:423,0
DA:425,0
DA:427,0
DA:428,0
DA:431,0
DA:435,0
DA:436,0
DA:437,0
DA:439,0
DA:440,0
DA:441,0
DA:445,0
DA:446,0
DA:447,0
DA:448,0
DA:449,0
DA:452,0
DA:453,0
DA:456,0
DA:457,0
DA:458,0
DA:459,0
DA:460,0
DA:461,0
DA:462,0
DA:463,0
DA:465,0
DA:466,0
DA:470,0
DA:471,0
DA:472,0
DA:473,0
DA:474,0
DA:475,0
DA:478,0
DA:481,0
DA:482,0
DA:487,0
DA:491,0
DA:492,0
DA:501,0
DA:502,0
DA:503,0
DA:506,0
DA:507,0
DA:508,0
DA:510,0
DA:511,0
DA:519,0
DA:522,0
DA:523,0
DA:524,0
DA:525,0
DA:526,0
DA:527,0
DA:530,0
DA:531,0
DA:532,0
DA:534,0
DA:536,0
DA:543,0
DA:546,0
DA:547,0
DA:548,0
DA:549,0
DA:550,0
DA:551,0
DA:554,0
DA:559,0
DA:560,0
DA:561,0
DA:562,0
DA:563,0
DA:564,0
DA:565,0
DA:568,0
DA:569,0
DA:570,0
DA:572,0
DA:576,0
DA:577,0
DA:578,0
DA:579,0
DA:580,0
DA:581,0
DA:582,0
DA:583,0
DA:585,0
DA:586,0
DA:588,0
DA:591,0
DA:596,0
DA:598,0
DA:599,0
DA:606,0
DA:607,0
DA:608,0
DA:610,0
DA:611,0
DA:612,0
DA:613,0
DA:614,0
DA:615,0
DA:616,0
DA:619,0
DA:620,0
DA:621,0
DA:623,0
DA:624,0
DA:625,0
DA:626,0
DA:627,0
DA:628,0
DA:629,0
DA:630,0
DA:632,0
DA:638,0
DA:639,0
DA:641,0
DA:642,0
DA:643,0
DA:645,0
DA:646,0
DA:648,0
DA:649,0
DA:653,0
DA:654,0
DA:655,0
DA:656,0
DA:657,0
DA:658,0
DA:659,0
DA:660,0
DA:661,0
DA:665,0
DA:666,0
DA:667,0
DA:668,0
DA:669,0
DA:673,0
DA:674,0
DA:675,0
DA:677,0
DA:678,0
DA:679,0
DA:680,0
DA:681,0
DA:684,0
DA:685,0
DA:688,0
DA:689,0
DA:690,0
DA:691,0
DA:692,0
DA:693,0
DA:694,0
DA:695,0
DA:696,0
DA:697,0
DA:698,0
DA:700,0
DA:701,0
DA:702,0
DA:703,0
DA:704,0
DA:705,0
DA:707,0
DA:708,0
DA:709,0
DA:710,0
DA:711,0
DA:712,0
DA:713,0
DA:714,0
DA:715,0
DA:716,0
DA:717,0
DA:720,0
DA:722,0
DA:724,0
DA:725,0
DA:726,0
DA:728,0
DA:729,0
DA:733,0
DA:734,0
DA:735,0
DA:736,0
DA:737,0
DA:738,0
DA:740,0
DA:741,0
DA:742,0
DA:743,0
DA:745,0
DA:749,0
DA:750,0
DA:751,0
DA:755,0
DA:756,0
DA:757,0
DA:758,0
DA:759,0
DA:763,0
DA:764,0
DA:765,0
DA:766,0
DA:767,0
DA:768,0
DA:769,0
DA:770,0
DA:772,0
DA:773,0
DA:778,0
DA:795,0
DA:796,0
DA:827,0
DA:849,0
DA:924,0
DA:926,0
DA:927,0
DA:930,0
DA:931,0
DA:932,0
DA:934,0
DA:935,0
DA:936,0
DA:937,0
DA:938,0
DA:940,0
DA:941,0
DA:942,0
DA:943,0
DA:945,0
DA:946,0
DA:948,0
DA:949,0
DA:950,0
DA:952,0
DA:955,0
DA:956,0
DA:961,0
DA:1011,0
DA:1015,0
DA:1022,0
DA:1036,0
DA:1039,0
DA:1048,0
DA:1051,0
LF:471
LH:0
BRDA:48,0,0,0
BRDA:53,1,0,0
BRDA:53,1,1,0
BRDA:145,2,0,0
BRDA:145,2,1,0
BRDA:158,3,0,0
BRDA:158,3,1,0
BRDA:158,4,0,0
BRDA:158,4,1,0
BRDA:164,5,0,0
BRDA:164,5,1,0
BRDA:164,6,0,0
BRDA:164,6,1,0
BRDA:168,7,0,0
BRDA:168,7,1,0
BRDA:225,8,0,0
BRDA:225,8,1,0
BRDA:225,9,0,0
BRDA:225,9,1,0
BRDA:225,9,2,0
BRDA:225,9,3,0
BRDA:235,10,0,0
BRDA:235,10,1,0
BRDA:239,11,0,0
BRDA:239,11,1,0
BRDA:242,12,0,0
BRDA:242,12,1,0
BRDA:252,13,0,0
BRDA:252,13,1,0
BRDA:252,14,0,0
BRDA:252,14,1,0
BRDA:252,14,2,0
BRDA:261,15,0,0
BRDA:261,15,1,0
BRDA:263,16,0,0
BRDA:263,16,1,0
BRDA:267,17,0,0
BRDA:267,17,1,0
BRDA:275,18,0,0
BRDA:275,18,1,0
BRDA:281,19,0,0
BRDA:281,19,1,0
BRDA:289,20,0,0
BRDA:289,20,1,0
BRDA:311,21,0,0
BRDA:311,21,1,0
BRDA:313,22,0,0
BRDA:313,22,1,0
BRDA:318,23,0,0
BRDA:318,23,1,0
BRDA:319,24,0,0
BRDA:319,24,1,0
BRDA:337,25,0,0
BRDA:337,25,1,0
BRDA:343,26,0,0
BRDA:343,26,1,0
BRDA:364,27,0,0
BRDA:365,28,0,0
BRDA:365,28,1,0
BRDA:365,29,0,0
BRDA:365,29,1,0
BRDA:365,29,2,0
BRDA:369,30,0,0
BRDA:369,30,1,0
BRDA:369,31,0,0
BRDA:369,31,1,0
BRDA:369,31,2,0
BRDA:369,31,3,0
BRDA:373,32,0,0
BRDA:373,32,1,0
BRDA:374,33,0,0
BRDA:374,33,1,0
BRDA:374,34,0,0
BRDA:374,34,1,0
BRDA:374,34,2,0
BRDA:375,35,0,0
BRDA:375,35,1,0
BRDA:381,36,0,0
BRDA:381,36,1,0
BRDA:395,37,0,0
BRDA:395,37,1,0
BRDA:395,37,2,0
BRDA:397,38,0,0
BRDA:397,38,1,0
BRDA:446,39,0,0
BRDA:446,39,1,0
BRDA:453,40,0,0
BRDA:453,40,1,0
BRDA:453,40,2,0
BRDA:459,41,0,0
BRDA:459,41,1,0
BRDA:487,42,0,0
BRDA:487,42,1,0
BRDA:501,43,0,0
BRDA:501,43,1,0
BRDA:514,44,0,0
BRDA:514,44,1,0
BRDA:522,45,0,0
BRDA:522,45,1,0
BRDA:531,46,0,0
BRDA:531,46,1,0
BRDA:531,47,0,0
BRDA:531,47,1,0
BRDA:546,48,0,0
BRDA:546,48,1,0
BRDA:569,49,0,0
BRDA:569,49,1,0
BRDA:569,50,0,0
BRDA:569,50,1,0
BRDA:569,50,2,0
BRDA:578,51,0,0
BRDA:578,51,1,0
BRDA:598,52,0,0
BRDA:598,52,1,0
BRDA:598,53,0,0
BRDA:598,53,1,0
BRDA:598,53,2,0
BRDA:606,54,0,0
BRDA:606,54,1,0
BRDA:606,55,0,0
BRDA:606,55,1,0
BRDA:606,55,2,0
BRDA:620,56,0,0
BRDA:620,56,1,0
BRDA:623,57,0,0
BRDA:623,57,1,0
BRDA:624,58,0,0
BRDA:624,58,1,0
BRDA:624,59,0,0
BRDA:624,59,1,0
BRDA:632,60,0,0
BRDA:632,60,1,0
BRDA:633,61,0,0
BRDA:633,61,1,0
BRDA:633,61,2,0
BRDA:633,61,3,0
BRDA:655,62,0,0
BRDA:655,62,1,0
BRDA:655,63,0,0
BRDA:655,63,1,0
BRDA:655,63,2,0
BRDA:666,64,0,0
BRDA:666,64,1,0
BRDA:674,65,0,0
BRDA:674,65,1,0
BRDA:674,66,0,0
BRDA:674,66,1,0
BRDA:677,67,0,0
BRDA:677,67,1,0
BRDA:677,68,0,0
BRDA:677,68,1,0
BRDA:695,69,0,0
BRDA:695,69,1,0
BRDA:712,70,0,0
BRDA:712,70,1,0
BRDA:715,71,0,0
BRDA:715,71,1,0
BRDA:715,72,0,0
BRDA:715,72,1,0
BRDA:725,73,0,0
BRDA:725,73,1,0
BRDA:728,74,0,0
BRDA:728,74,1,0
BRDA:734,75,0,0
BRDA:734,75,1,0
BRDA:764,76,0,0
BRDA:764,76,1,0
BRDA:779,77,0,0
BRDA:779,77,1,0
BRDA:782,78,0,0
BRDA:782,78,1,0
BRDA:782,78,2,0
BRDA:782,78,3,0
BRDA:790,79,0,0
BRDA:790,79,1,0
BRDA:799,80,0,0
BRDA:799,80,1,0
BRDA:799,80,2,0
BRDA:809,81,0,0
BRDA:809,81,1,0
BRDA:809,81,2,0
BRDA:812,82,0,0
BRDA:812,82,1,0
BRDA:812,83,0,0
BRDA:812,83,1,0
BRDA:815,84,0,0
BRDA:815,84,1,0
BRDA:820,85,0,0
BRDA:820,85,1,0
BRDA:820,85,2,0
BRDA:820,85,3,0
BRDA:820,85,4,0
BRDA:826,86,0,0
BRDA:826,86,1,0
BRDA:827,87,0,0
BRDA:827,87,1,0
BRDA:828,88,0,0
BRDA:828,88,1,0
BRDA:832,89,0,0
BRDA:832,89,1,0
BRDA:832,89,2,0
BRDA:832,89,3,0
BRDA:832,89,4,0
BRDA:832,89,5,0
BRDA:857,90,0,0
BRDA:857,90,1,0
BRDA:879,91,0,0
BRDA:879,91,1,0
BRDA:879,91,2,0
BRDA:889,92,0,0
BRDA:889,92,1,0
BRDA:890,93,0,0
BRDA:890,93,1,0
BRDA:891,94,0,0
BRDA:891,94,1,0
BRDA:903,95,0,0
BRDA:903,95,1,0
BRDA:904,96,0,0
BRDA:904,96,1,0
BRDA:905,97,0,0
BRDA:905,97,1,0
BRDA:906,98,0,0
BRDA:906,98,1,0
BRDA:909,99,0,0
BRDA:909,99,1,0
BRDA:910,100,0,0
BRDA:910,100,1,0
BRDA:911,101,0,0
BRDA:911,101,1,0
BRDA:915,102,0,0
BRDA:915,102,1,0
BRDA:924,103,0,0
BRDA:924,103,1,0
BRDA:927,104,0,0
BRDA:927,104,1,0
BRDA:935,105,0,0
BRDA:935,105,1,0
BRDA:935,106,0,0
BRDA:935,106,1,0
BRDA:938,107,0,0
BRDA:938,107,1,0
BRDA:940,108,0,0
BRDA:940,108,1,0
BRDA:940,109,0,0
BRDA:940,109,1,0
BRDA:946,110,0,0
BRDA:946,110,1,0
BRDA:946,111,0,0
BRDA:946,111,1,0
BRDA:946,111,2,0
BRDA:946,111,3,0
BRDA:946,111,4,0
BRDA:956,112,0,0
BRDA:956,112,1,0
BRDA:964,113,0,0
BRDA:964,113,1,0
BRDA:965,114,0,0
BRDA:965,114,1,0
BRDA:966,115,0,0
BRDA:966,115,1,0
BRDA:966,115,2,0
BRDA:971,116,0,0
BRDA:971,116,1,0
BRDA:973,117,0,0
BRDA:973,117,1,0
BRDA:985,118,0,0
BRDA:985,118,1,0
BRDA:985,118,2,0
BRDA:1002,119,0,0
BRDA:1002,119,1,0
BRDA:1010,120,0,0
BRDA:1010,120,1,0
BRDA:1019,121,0,0
BRDA:1019,121,1,0
BRDA:1021,122,0,0
BRDA:1021,122,1,0
BRDA:1024,123,0,0
BRDA:1024,123,1,0
BRDA:1038,124,0,0
BRDA:1038,124,1,0
BRDA:1050,125,0,0
BRDA:1050,125,1,0
BRF:282
BRH:0
end_of_record
TN:
SF:src/components/GuitarTuner.jsx
FN:18,getClosestString
FN:19,(anonymous_1)
FN:24,(anonymous_2)
FN:37,(anonymous_3)
FN:48,(anonymous_4)
FN:50,(anonymous_5)
FN:65,(anonymous_6)
FN:101,(anonymous_7)
FN:193,(anonymous_8)
FNF:9
FNH:0
FNDA:0,getClosestString
FNDA:0,(anonymous_1)
FNDA:0,(anonymous_2)
FNDA:0,(anonymous_3)
FNDA:0,(anonymous_4)
FNDA:0,(anonymous_5)
FNDA:0,(anonymous_6)
FNDA:0,(anonymous_7)
FNDA:0,(anonymous_8)
DA:9,0
DA:19,0
DA:20,0
DA:24,0
DA:25,0
DA:26,0
DA:28,0
DA:29,0
DA:37,0
DA:39,0
DA:44,0
DA:46,0
DA:50,0
DA:51,0
DA:52,0
DA:53,0
DA:54,0
DA:55,0
DA:56,0
DA:57,0
DA:58,0
DA:60,0
DA:65,0
DA:66,0
DA:70,0
DA:102,0
DA:103,0
DA:104,0
DA:105,0
DA:106,0
DA:107,0
DA:108,0
DA:194,0
LF:33
LH:0
BRDA:20,0,0,0
BRDA:20,0,1,0
BRDA:37,1,0,0
BRDA:37,1,1,0
BRDA:39,2,0,0
BRDA:39,2,1,0
BRDA:39,3,0,0
BRDA:39,3,1,0
BRDA:51,4,0,0
BRDA:51,4,1,0
BRDA:51,5,0,0
BRDA:51,5,1,0
BRDA:56,6,0,0
BRDA:56,6,1,0
BRDA:57,7,0,0
BRDA:57,7,1,0
BRDA:65,8,0,0
BRDA:65,8,1,0
BRDA:66,9,0,0
BRDA:66,9,1,0
BRDA:66,10,0,0
BRDA:66,10,1,0
BRDA:71,11,0,0
BRDA:71,11,1,0
BRDA:80,12,0,0
BRDA:80,12,1,0
BRDA:80,13,0,0
BRDA:80,13,1,0
BRDA:82,14,0,0
BRDA:82,14,1,0
BRDA:83,15,0,0
BRDA:83,15,1,0
BRDA:84,16,0,0
BRDA:84,16,1,0
BRDA:103,17,0,0
BRDA:103,17,1,0
BRDA:115,18,0,0
BRDA:115,18,1,0
BRDA:116,19,0,0
BRDA:116,19,1,0
BRDA:117,20,0,0
BRDA:117,20,1,0
BRDA:141,21,0,0
BRDA:141,21,1,0
BRDA:143,22,0,0
BRDA:143,22,1,0
BRDA:144,23,0,0
BRDA:144,23,1,0
BRDA:146,24,0,0
BRDA:146,24,1,0
BRDA:158,25,0,0
BRDA:158,25,1,0
BRDA:172,26,0,0
BRDA:172,26,1,0
BRDA:183,27,0,0
BRDA:183,27,1,0
BRDA:189,28,0,0
BRDA:189,28,1,0
BRF:58
BRH:0
end_of_record
TN:
SF:src/components/Login.jsx
FN:8,Login
FN:14,(anonymous_1)
FN:23,(anonymous_2)
FN:49,(anonymous_3)
FN:58,(anonymous_4)
FNF:5
FNH:0
FNDA:0,Login
FNDA:0,(anonymous_1)
FNDA:0,(anonymous_2)
FNDA:0,(anonymous_3)
FNDA:0,(anonymous_4)
DA:9,0
DA:10,0
DA:11,0
DA:12,0
DA:14,0
DA:15,0
DA:16,0
DA:17,0
DA:19,0
DA:23,0
DA:24,0
DA:25,0
DA:27,0
DA:31,0
DA:49,0
DA:58,0
LF:16
LH:0
BRDA:38,0,0,0
BRDA:38,0,1,0
BRF:2
BRH:0
end_of_record
TN:
SF:src/components/NavBar.jsx
FN:7,NavBar
FN:11,(anonymous_1)
FNF:2
FNH:0
FNDA:0,NavBar
FNDA:0,(anonymous_1)
DA:8,0
DA:9,0
DA:11,0
DA:12,0
DA:13,0
DA:15,0
DA:19,0
LF:7
LH:0
BRDA:51,0,0,0
BRDA:51,0,1,0
BRDA:54,1,0,0
BRDA:54,1,1,0
BRF:4
BRH:0
end_of_record
TN:
SF:src/components/PlayAlongOverlay.jsx
FN:12,(anonymous_0)
FN:16,(anonymous_1)
FN:27,(anonymous_2)
FN:30,(anonymous_3)
FN:34,(anonymous_4)
FN:40,(anonymous_5)
FN:50,getNoteAtPosition
FN:56,PlayAlongOverlay
FN:60,(anonymous_8)
FN:91,(anonymous_9)
FN:101,(anonymous_10)
FN:111,(anonymous_11)
FN:122,(anonymous_12)
FN:129,(anonymous_13)
FN:143,(anonymous_14)
FN:153,(anonymous_15)
FN:157,(anonymous_16)
FN:164,(anonymous_17)
FN:176,(anonymous_18)
FN:181,(anonymous_19)
FN:189,(anonymous_20)
FN:192,(anonymous_21)
FN:197,(anonymous_22)
FN:213,(anonymous_23)
FN:216,(anonymous_24)
FN:222,(anonymous_25)
FN:229,(anonymous_26)
FN:230,handleResize
FN:237,(anonymous_28)
FN:241,(anonymous_29)
FN:251,(anonymous_30)
FN:255,(anonymous_31)
FN:275,(anonymous_32)
FN:301,(anonymous_33)
FN:305,(anonymous_34)
FN:315,(anonymous_35)
FN:323,(anonymous_36)
FN:347,drawOverlay
FN:354,(anonymous_38)
FN:357,(anonymous_39)
FN:364,(anonymous_40)
FN:365,(anonymous_41)
FN:366,(anonymous_42)
FN:367,(anonymous_43)
FN:377,(anonymous_44)
FN:428,(anonymous_45)
FN:504,(anonymous_46)
FN:506,(anonymous_47)
FN:508,(anonymous_48)
FN:511,(anonymous_49)
FN:533,(anonymous_50)
FN:558,(anonymous_51)
FN:681,(anonymous_52)
FNF:53
FNH:0
FNDA:0,(anonymous_0)
FNDA:0,(anonymous_1)
FNDA:0,(anonymous_2)
FNDA:0,(anonymous_3)
FNDA:0,(anonymous_4)
FNDA:0,(anonymous_5)
FNDA:0,getNoteAtPosition
FNDA:0,PlayAlongOverlay
FNDA:0,(anonymous_8)
FNDA:0,(anonymous_9)
FNDA:0,(anonymous_10)
FNDA:0,(anonymous_11)
FNDA:0,(anonymous_12)
FNDA:0,(anonymous_13)
FNDA:0,(anonymous_14)
FNDA:0,(anonymous_15)
FNDA:0,(anonymous_16)
FNDA:0,(anonymous_17)
FNDA:0,(anonymous_18)
FNDA:0,(anonymous_19)
FNDA:0,(anonymous_20)
FNDA:0,(anonymous_21)
FNDA:0,(anonymous_22)
FNDA:0,(anonymous_23)
FNDA:0,(anonymous_24)
FNDA:0,(anonymous_25)
FNDA:0,(anonymous_26)
FNDA:0,handleResize
FNDA:0,(anonymous_28)
FNDA:0,(anonymous_29)
FNDA:0,(anonymous_30)
FNDA:0,(anonymous_31)
FNDA:0,(anonymous_32)
FNDA:0,(anonymous_33)
FNDA:0,(anonymous_34)
FNDA:0,(anonymous_35)
FNDA:0,(anonymous_36)
FNDA:0,drawOverlay
FNDA:0,(anonymous_38)
FNDA:0,(anonymous_39)
FNDA:0,(anonymous_40)
FNDA:0,(anonymous_41)
FNDA:0,(anonymous_42)
FNDA:0,(anonymous_43)
FNDA:0,(anonymous_44)
FNDA:0,(anonymous_45)
FNDA:0,(anonymous_46)
FNDA:0,(anonymous_47)
FNDA:0,(anonymous_48)
FNDA:0,(anonymous_49)
FNDA:0,(anonymous_50)
FNDA:0,(anonymous_51)
FNDA:0,(anonymous_52)
DA:10,0
DA:12,0
DA:13,0
DA:14,0
DA:15,0
DA:17,0
DA:19,0
DA:20,0
DA:21,0
DA:22,0
DA:25,0
DA:26,0
DA:28,0
DA:31,0
DA:32,0
DA:35,0
DA:36,0
DA:39,0
DA:41,0
DA:46,0
DA:47,0
DA:48,0
DA:51,0
DA:52,0
DA:53,0
DA:57,0
DA:58,0
DA:59,0
DA:60,0
DA:61,0
DA:62,0
DA:63,0
DA:64,0
DA:66,0
DA:67,0
DA:68,0
DA:69,0
DA:70,0
DA:71,0
DA:74,0
DA:75,0
DA:76,0
DA:77,0
DA:78,0
DA:79,0
DA:82,0
DA:83,0
DA:86,0
DA:87,0
DA:88,0
DA:91,0
DA:92,0
DA:93,0
DA:94,0
DA:95,0
DA:96,0
DA:97,0
DA:98,0
DA:99,0
DA:100,0
DA:101,0
DA:103,0
DA:106,0
DA:111,0
DA:112,0
DA:113,0
DA:115,0
DA:116,0
DA:117,0
DA:118,0
DA:119,0
DA:120,0
DA:121,0
DA:122,0
DA:124,0
DA:125,0
DA:129,0
DA:130,0
DA:132,0
DA:133,0
DA:135,0
DA:136,0
DA:137,0
DA:139,0
DA:143,0
DA:144,0
DA:145,0
DA:146,0
DA:147,0
DA:154,0
DA:155,0
DA:158,0
DA:159,0
DA:164,0
DA:165,0
DA:166,0
DA:175,0
DA:176,0
DA:177,0
DA:178,0
DA:179,0
DA:180,0
DA:181,0
DA:182,0
DA:183,0
DA:185,0
DA:186,0
DA:187,0
DA:188,0
DA:189,0
DA:190,0
DA:191,0
DA:193,0
DA:197,0
DA:198,0
DA:199,0
DA:200,0
DA:201,0
DA:202,0
DA:203,0
DA:204,0
DA:205,0
DA:206,0
DA:207,0
DA:208,0
DA:209,0
DA:210,0
DA:213,0
DA:214,0
DA:216,0
DA:217,0
DA:220,0
DA:223,0
DA:229,0
DA:231,0
DA:232,0
DA:233,0
DA:236,0
DA:237,0
DA:241,0
DA:242,0
DA:243,0
DA:244,0
DA:245,0
DA:247,0
DA:251,0
DA:252,0
DA:253,0
DA:254,0
DA:255,0
DA:256,0
DA:257,0
DA:259,0
DA:260,0
DA:261,0
DA:262,0
DA:265,0
DA:268,0
DA:269,0
DA:270,0
DA:272,0
DA:273,0
DA:274,0
DA:275,0
DA:276,0
DA:277,0
DA:278,0
DA:279,0
DA:281,0
DA:282,0
DA:285,0
DA:286,0
DA:290,0
DA:291,0
DA:292,0
DA:294,0
DA:295,0
DA:296,0
DA:299,0
DA:300,0
DA:301,0
DA:302,0
DA:303,0
DA:304,0
DA:306,0
DA:307,0
DA:310,0
DA:311,0
DA:314,0
DA:315,0
DA:316,0
DA:317,0
DA:323,0
DA:324,0
DA:325,0
DA:326,0
DA:328,0
DA:329,0
DA:330,0
DA:333,0
DA:334,0
DA:335,0
DA:336,0
DA:337,0
DA:339,0
DA:342,0
DA:344,0
DA:348,0
DA:349,0
DA:350,0
DA:351,0
DA:354,0
DA:357,0
DA:361,0
DA:362,0
DA:363,0
DA:364,0
DA:365,0
DA:366,0
DA:367,0
DA:368,0
DA:369,0
DA:375,0
DA:376,0
DA:377,0
DA:380,0
DA:381,0
DA:383,0
DA:384,0
DA:385,0
DA:386,0
DA:390,0
DA:391,0
DA:392,0
DA:395,0
DA:396,0
DA:397,0
DA:398,0
DA:399,0
DA:400,0
DA:401,0
DA:403,0
DA:405,0
DA:406,0
DA:408,0
DA:409,0
DA:410,0
DA:411,0
DA:413,0
DA:414,0
DA:415,0
DA:416,0
DA:417,0
DA:418,0
DA:419,0
DA:421,0
DA:424,0
DA:428,0
DA:429,0
DA:431,0
DA:432,0
DA:435,0
DA:437,0
DA:440,0
DA:441,0
DA:442,0
DA:443,0
DA:444,0
DA:446,0
DA:447,0
DA:449,0
DA:451,0
DA:456,0
DA:468,0
DA:469,0
DA:470,0
DA:471,0
DA:472,0
DA:473,0
DA:474,0
DA:475,0
DA:476,0
DA:477,0
DA:478,0
DA:479,0
DA:480,0
DA:481,0
DA:482,0
DA:483,0
DA:484,0
DA:485,0
DA:487,0
DA:488,0
DA:489,0
DA:490,0
DA:491,0
DA:494,0
DA:495,0
DA:496,0
DA:499,0
DA:502,0
DA:506,0
DA:507,0
DA:508,0
DA:511,0
DA:512,0
DA:513,0
DA:514,0
DA:517,0
DA:518,0
DA:521,0
DA:524,0
DA:526,0
DA:527,0
DA:531,0
DA:533,0
DA:534,0
DA:537,0
DA:540,0
DA:541,0
DA:542,0
DA:545,0
DA:546,0
DA:549,0
DA:551,0
DA:552,0
DA:556,0
DA:558,0
DA:559,0
DA:563,0
DA:564,0
DA:568,0
DA:569,0
DA:570,0
DA:573,0
DA:575,0
DA:576,0
DA:577,0
DA:580,0
DA:581,0
DA:584,0
DA:585,0
DA:587,0
DA:588,0
DA:591,0
DA:594,0
DA:681,0
LF:347
LH:0
BRDA:56,0,0,0
BRDA:56,1,0,0
BRDA:56,2,0,0
BRDA:93,3,0,0
BRDA:93,3,1,0
BRDA:101,4,0,0
BRDA:101,4,1,0
BRDA:113,5,0,0
BRDA:113,5,1,0
BRDA:113,5,2,0
BRDA:120,6,0,0
BRDA:120,6,1,0
BRDA:132,7,0,0
BRDA:132,7,1,0
BRDA:135,8,0,0
BRDA:135,8,1,0
BRDA:144,9,0,0
BRDA:144,9,1,0
BRDA:178,10,0,0
BRDA:178,10,1,0
BRDA:200,11,0,0
BRDA:200,11,1,0
BRDA:231,12,0,0
BRDA:231,12,1,0
BRDA:231,13,0,0
BRDA:231,13,1,0
BRDA:231,13,2,0
BRDA:231,13,3,0
BRDA:243,14,0,0
BRDA:243,14,1,0
BRDA:252,15,0,0
BRDA:252,15,1,0
BRDA:252,16,0,0
BRDA:252,16,1,0
BRDA:256,17,0,0
BRDA:256,17,1,0
BRDA:270,18,0,0
BRDA:270,18,1,0
BRDA:270,18,2,0
BRDA:272,19,0,0
BRDA:272,19,1,0
BRDA:324,20,0,0
BRDA:324,20,1,0
BRDA:324,21,0,0
BRDA:324,21,1,0
BRDA:326,22,0,0
BRDA:326,22,1,0
BRDA:348,23,0,0
BRDA:348,23,1,0
BRDA:350,24,0,0
BRDA:350,24,1,0
BRDA:354,25,0,0
BRDA:354,25,1,0
BRDA:362,26,0,0
BRDA:362,26,1,0
BRDA:368,27,0,0
BRDA:368,27,1,0
BRDA:376,28,0,0
BRDA:376,28,1,0
BRDA:391,29,0,0
BRDA:391,29,1,0
BRDA:392,30,0,0
BRDA:392,30,1,0
BRDA:398,31,0,0
BRDA:398,31,1,0
BRDA:400,32,0,0
BRDA:400,32,1,0
BRDA:405,33,0,0
BRDA:405,33,1,0
BRDA:406,34,0,0
BRDA:406,34,1,0
BRDA:429,35,0,0
BRDA:429,35,1,0
BRDA:429,36,0,0
BRDA:429,36,1,0
BRDA:431,37,0,0
BRDA:431,37,1,0
BRDA:442,38,0,0
BRDA:442,38,1,0
BRDA:442,39,0,0
BRDA:442,39,1,0
BRDA:442,39,2,0
BRDA:444,40,0,0
BRDA:444,40,1,0
BRDA:444,41,0,0
BRDA:444,41,1,0
BRDA:446,42,0,0
BRDA:446,42,1,0
BRDA:451,43,0,0
BRDA:451,43,1,0
BRDA:468,44,0,0
BRDA:468,44,1,0
BRDA:474,45,0,0
BRDA:474,45,1,0
BRDA:480,46,0,0
BRDA:480,46,1,0
BRDA:512,47,0,0
BRDA:512,47,1,0
BRDA:512,48,0,0
BRDA:512,48,1,0
BRDA:524,49,0,0
BRDA:524,49,1,0
BRDA:524,50,0,0
BRDA:524,50,1,0
BRDA:531,51,0,0
BRDA:531,51,1,0
BRDA:540,52,0,0
BRDA:540,52,1,0
BRDA:540,53,0,0
BRDA:540,53,1,0
BRDA:551,54,0,0
BRDA:551,54,1,0
BRDA:563,55,0,0
BRDA:563,55,1,0
BRDA:563,56,0,0
BRDA:563,56,1,0
BRDA:568,57,0,0
BRDA:568,57,1,0
BRDA:568,58,0,0
BRDA:568,58,1,0
BRDA:568,58,2,0
BRDA:575,59,0,0
BRDA:575,59,1,0
BRDA:575,60,0,0
BRDA:575,60,1,0
BRDA:585,61,0,0
BRDA:585,61,1,0
BRDA:585,62,0,0
BRDA:585,62,1,0
BRDA:591,63,0,0
BRDA:591,63,1,0
BRDA:611,64,0,0
BRDA:611,64,1,0
BRDA:641,65,0,0
BRDA:641,65,1,0
BRDA:644,66,0,0
BRDA:644,66,1,0
BRDA:644,67,0,0
BRDA:644,67,1,0
BRDA:645,68,0,0
BRDA:645,68,1,0
BRDA:645,69,0,0
BRDA:645,69,1,0
BRDA:648,70,0,0
BRDA:648,70,1,0
BRDA:650,71,0,0
BRDA:650,71,1,0
BRDA:654,72,0,0
BRDA:654,72,1,0
BRDA:657,73,0,0
BRDA:657,73,1,0
BRDA:659,74,0,0
BRDA:659,74,1,0
BRDA:673,75,0,0
BRDA:673,75,1,0
BRDA:676,76,0,0
BRDA:676,76,1,0
BRDA:678,77,0,0
BRDA:678,77,1,0
BRDA:678,77,2,0
BRDA:680,78,0,0
BRDA:680,78,1,0
BRDA:698,79,0,0
BRDA:698,79,1,0
BRF:164
BRH:0
end_of_record
TN:
SF:src/components/Profile.jsx
FN:5,Profile
FN:10,(anonymous_1)
FNF:2
FNH:0
FNDA:0,Profile
FNDA:0,(anonymous_1)
DA:6,0
DA:8,0
DA:10,0
DA:11,0
DA:14,0
LF:5
LH:0
BRDA:8,0,0,0
BRDA:8,0,1,0
BRF:2
BRH:0
end_of_record
TN:
SF:src/components/RequireAuth.jsx
FN:5,RequireAuth
FNF:1
FNH:0
FNDA:0,RequireAuth
DA:6,0
DA:7,0
DA:8,0
DA:31,0
LF:4
LH:0
BRDA:7,0,0,0
BRDA:7,0,1,0
BRF:2
BRH:0
end_of_record
TN:
SF:src/components/Signup.jsx
FN:8,Signup
FN:14,(anonymous_1)
FN:41,(anonymous_2)
FN:50,(anonymous_3)
FNF:4
FNH:0
FNDA:0,Signup
FNDA:0,(anonymous_1)
FNDA:0,(anonymous_2)
FNDA:0,(anonymous_3)
DA:9,0
DA:10,0
DA:11,0
DA:12,0
DA:14,0
DA:15,0
DA:16,0
DA:17,0
DA:19,0
DA:23,0
DA:41,0
DA:50,0
LF:12
LH:0
BRDA:30,0,0,0
BRDA:30,0,1,0
BRF:2
BRH:0
end_of_record
TN:
SF:src/components/SongCard.jsx
FN:5,SongCard
FN:9,onFavoriteClick
FN:24,(anonymous_2)
FN:25,(anonymous_3)
FNF:4
FNH:0
FNDA:0,SongCard
FNDA:0,onFavoriteClick
FNDA:0,(anonymous_2)
FNDA:0,(anonymous_3)
DA:6,0
DA:7,0
DA:10,0
DA:11,0
DA:12,0
DA:15,0
DA:24,0
DA:25,0
LF:8
LH:0
BRDA:11,0,0,0
BRDA:11,0,1,0
BRDA:33,1,0,0
BRDA:33,1,1,0
BRDA:59,2,0,0
BRDA:59,2,1,0
BRDA:62,3,0,0
BRDA:62,3,1,0
BRDA:71,4,0,0
BRDA:71,4,1,0
BRDA:97,5,0,0
BRDA:97,5,1,0
BRDA:97,5,2,0
BRDA:97,5,3,0
BRDA:99,6,0,0
BRDA:99,6,1,0
BRF:16
BRH:0
end_of_record
TN:
SF:src/components/SpaceBackground.jsx
FN:11,(anonymous_0)
FN:20,(anonymous_1)
FN:21,(anonymous_2)
FN:26,(anonymous_3)
FN:29,(anonymous_4)
FN:31,(anonymous_5)
FN:45,(anonymous_6)
FN:57,(anonymous_7)
FN:72,(anonymous_8)
FN:76,(anonymous_9)
FN:80,(anonymous_10)
FN:82,(anonymous_11)
FN:83,(anonymous_12)
FN:87,(anonymous_13)
FN:107,(anonymous_14)
FN:121,(anonymous_15)
FN:130,(anonymous_16)
FNF:17
FNH:0
FNDA:0,(anonymous_0)
FNDA:0,(anonymous_1)
FNDA:0,(anonymous_2)
FNDA:0,(anonymous_3)
FNDA:0,(anonymous_4)
FNDA:0,(anonymous_5)
FNDA:0,(anonymous_6)
FNDA:0,(anonymous_7)
FNDA:0,(anonymous_8)
FNDA:0,(anonymous_9)
FNDA:0,(anonymous_10)
FNDA:0,(anonymous_11)
FNDA:0,(anonymous_12)
FNDA:0,(anonymous_13)
FNDA:0,(anonymous_14)
FNDA:0,(anonymous_15)
FNDA:0,(anonymous_16)
DA:11,0
DA:12,0
DA:13,0
DA:14,0
DA:15,0
DA:16,0
DA:17,0
DA:20,0
DA:21,0
DA:22,0
DA:25,0
DA:26,0
DA:29,0
DA:31,0
DA:32,0
DA:33,0
DA:34,0
DA:41,0
DA:45,0
DA:46,0
DA:47,0
DA:48,0
DA:53,0
DA:57,0
DA:58,0
DA:59,0
DA:60,0
DA:65,0
DA:68,0
DA:69,0
DA:70,0
DA:72,0
DA:73,0
DA:76,0
DA:80,0
DA:81,0
DA:82,0
DA:83,0
DA:87,0
DA:88,0
DA:89,0
DA:96,0
DA:97,0
DA:98,0
DA:99,0
DA:101,0
DA:108,0
DA:122,0
DA:131,0
LF:49
LH:0
BRDA:87,0,0,0
BRDA:139,1,0,0
BRDA:139,1,1,0
BRDA:192,2,0,0
BRDA:192,2,1,0
BRDA:247,3,0,0
BRDA:247,3,1,0
BRDA:250,4,0,0
BRDA:250,4,1,0
BRF:9
BRH:0
end_of_record
TN:
SF:src/components/SplashScreen.jsx
FN:5,(anonymous_0)
FN:8,(anonymous_1)
FN:9,(anonymous_2)
FN:16,(anonymous_3)
FN:25,(anonymous_4)
FNF:5
FNH:0
FNDA:0,(anonymous_0)
FNDA:0,(anonymous_1)
FNDA:0,(anonymous_2)
FNDA:0,(anonymous_3)
FNDA:0,(anonymous_4)
DA:5,0
DA:6,0
DA:8,0
DA:9,0
DA:10,0
DA:11,0
DA:12,0
DA:16,0
DA:19,0
DA:20,0
DA:23,0
LF:11
LH:0
BRDA:5,0,0,0
BRDA:11,1,0,0
BRDA:11,1,1,0
BRDA:19,2,0,0
BRDA:19,2,1,0
BRF:5
BRH:0
end_of_record
TN:
SF:src/components/YouTubePlayer.jsx
FN:9,(anonymous_0)
FN:20,(anonymous_1)
FN:47,(anonymous_2)
FN:60,(anonymous_3)
FN:67,(anonymous_4)
FN:72,(anonymous_5)
FN:80,(anonymous_6)
FNF:7
FNH:0
FNDA:0,(anonymous_0)
FNDA:0,(anonymous_1)
FNDA:0,(anonymous_2)
FNDA:0,(anonymous_3)
FNDA:0,(anonymous_4)
FNDA:0,(anonymous_5)
FNDA:0,(anonymous_6)
DA:9,0
DA:10,0
DA:11,0
DA:12,0
DA:13,0
DA:14,0
DA:15,0
DA:16,0
DA:17,0
DA:20,0
DA:22,0
DA:23,0
DA:27,0
DA:28,0
DA:32,0
DA:33,0
DA:37,0
DA:38,0
DA:42,0
DA:43,0
DA:47,0
DA:48,0
DA:49,0
DA:50,0
DA:51,0
DA:53,0
DA:55,0
DA:60,0
DA:61,0
DA:62,0
DA:67,0
DA:68,0
DA:69,0
DA:72,0
DA:73,0
DA:74,0
DA:75,0
DA:76,0
DA:80,0
DA:81,0
DA:84,0
DA:86,0
LF:42
LH:0
BRDA:22,0,0,0
BRDA:22,0,1,0
BRDA:27,1,0,0
BRDA:27,1,1,0
BRDA:27,2,0,0
BRDA:27,2,1,0
BRDA:32,3,0,0
BRDA:32,3,1,0
BRDA:37,4,0,0
BRDA:37,4,1,0
BRDA:42,5,0,0
BRDA:42,5,1,0
BRDA:61,6,0,0
BRDA:61,6,1,0
BRDA:75,7,0,0
BRDA:75,7,1,0
BRDA:128,8,0,0
BRDA:128,8,1,0
BRDA:211,9,0,0
BRDA:211,9,1,0
BRF:20
BRH:0
end_of_record
TN:
SF:src/contexts/AuthContext.jsx
FN:8,useAuth
FN:12,AuthProvider
FN:16,(anonymous_2)
FN:17,(anonymous_3)
FNF:4
FNH:0
FNDA:0,useAuth
FNDA:0,AuthProvider
FNDA:0,(anonymous_2)
FNDA:0,(anonymous_3)
DA:6,0
DA:9,0
DA:13,0
DA:14,0
DA:16,0
DA:17,0
DA:18,0
DA:19,0
DA:22,0
DA:23,0
DA:24,0
DA:25,0
DA:26,0
DA:28,0
DA:31,0
DA:35,0
DA:36,0
DA:38,0
DA:41,0
LF:19
LH:0
BRDA:18,0,0,0
BRDA:18,0,1,0
BRDA:24,1,0,0
BRDA:24,1,1,0
BRDA:43,2,0,0
BRDA:43,2,1,0
BRF:6
BRH:0
end_of_record
TN:
SF:src/contexts/SearchHistoryContext.jsx
FN:8,(anonymous_0)
FN:16,(anonymous_1)
FN:24,(anonymous_2)
FN:50,(anonymous_3)
FN:77,(anonymous_4)
FN:115,(anonymous_5)
FN:133,(anonymous_6)
FN:139,(anonymous_7)
FN:139,(anonymous_8)
FN:147,(anonymous_9)
FN:166,(anonymous_10)
FNF:11
FNH:0
FNDA:0,(anonymous_0)
FNDA:0,(anonymous_1)
FNDA:0,(anonymous_2)
FNDA:0,(anonymous_3)
FNDA:0,(anonymous_4)
FNDA:0,(anonymous_5)
FNDA:0,(anonymous_6)
FNDA:0,(anonymous_7)
FNDA:0,(anonymous_8)
FNDA:0,(anonymous_9)
FNDA:0,(anonymous_10)
DA:6,0
DA:8,0
DA:9,0
DA:10,0
DA:11,0
DA:13,0
DA:16,0
DA:17,0
DA:18,0
DA:19,0
DA:20,0
DA:21,0
DA:24,0
DA:25,0
DA:26,0
DA:27,0
DA:30,0
DA:31,0
DA:32,0
DA:34,0
DA:35,0
DA:36,0
DA:38,0
DA:39,0
DA:42,0
DA:43,0
DA:45,0
DA:50,0
DA:51,0
DA:52,0
DA:53,0
DA:56,0
DA:57,0
DA:58,0
DA:59,0
DA:62,0
DA:65,0
DA:66,0
DA:67,0
DA:71,0
DA:72,0
DA:73,0
DA:77,0
DA:78,0
DA:81,0
DA:82,0
DA:83,0
DA:86,0
DA:88,0
DA:89,0
DA:92,0
DA:93,0
DA:94,0
DA:95,0
DA:99,0
DA:105,0
DA:107,0
DA:114,0
DA:115,0
DA:118,0
DA:120,0
DA:124,0
DA:127,0
DA:128,0
DA:133,0
DA:134,0
DA:136,0
DA:139,0
DA:140,0
DA:142,0
DA:147,0
DA:148,0
DA:150,0
DA:151,0
DA:153,0
DA:154,0
DA:155,0
DA:156,0
DA:158,0
DA:161,0
DA:166,0
DA:167,0
DA:168,0
DA:170,0
DA:171,0
DA:175,0
DA:184,0
LF:87
LH:0
BRDA:10,0,0,0
BRDA:10,0,1,0
BRDA:25,1,0,0
BRDA:25,1,1,0
BRDA:34,2,0,0
BRDA:34,2,1,0
BRDA:50,3,0,0
BRDA:51,4,0,0
BRDA:51,4,1,0
BRDA:57,5,0,0
BRDA:57,5,1,0
BRDA:65,6,0,0
BRDA:65,6,1,0
BRDA:71,7,0,0
BRDA:71,7,1,0
BRDA:78,8,0,0
BRDA:78,8,1,0
BRDA:81,9,0,0
BRDA:81,9,1,0
BRDA:93,10,0,0
BRDA:93,10,1,0
BRDA:102,11,0,0
BRDA:102,11,1,0
BRDA:105,12,0,0
BRDA:105,12,1,0
BRDA:110,13,0,0
BRDA:110,13,1,0
BRDA:134,14,0,0
BRDA:134,14,1,0
BRDA:148,15,0,0
BRDA:148,15,1,0
BRDA:153,16,0,0
BRDA:153,16,1,0
BRDA:167,17,0,0
BRDA:167,17,1,0
BRF:35
BRH:0
end_of_record
TN:
SF:src/contexts/ThemeContext.jsx
FN:5,(anonymous_0)
FN:13,(anonymous_1)
FN:55,(anonymous_2)
FN:59,(anonymous_3)
FNF:4
FNH:0
FNDA:0,(anonymous_0)
FNDA:0,(anonymous_1)
FNDA:0,(anonymous_2)
FNDA:0,(anonymous_3)
DA:3,0
DA:5,0
DA:6,0
DA:7,0
DA:8,0
DA:10,0
DA:13,0
DA:14,0
DA:16,0
DA:55,0
DA:56,0
DA:59,0
DA:60,0
DA:63,0
LF:14
LH:0
BRDA:7,0,0,0
BRDA:7,0,1,0
BRDA:18,1,0,0
BRDA:18,1,1,0
BRDA:56,2,0,0
BRDA:56,2,1,0
BRF:6
BRH:0
end_of_record
TN:
SF:src/services/customTabsService.js
FN:18,(anonymous_0)
FN:39,(anonymous_1)
FN:49,(anonymous_2)
FN:57,(anonymous_3)
FN:79,(anonymous_4)
FN:96,(anonymous_5)
FN:113,(anonymous_6)
FN:126,(anonymous_7)
FN:137,(anonymous_8)
FNF:9
FNH:0
FNDA:0,(anonymous_0)
FNDA:0,(anonymous_1)
FNDA:0,(anonymous_2)
FNDA:0,(anonymous_3)
FNDA:0,(anonymous_4)
FNDA:0,(anonymous_5)
FNDA:0,(anonymous_6)
FNDA:0,(anonymous_7)
FNDA:0,(anonymous_8)
DA:19,0
DA:20,0
DA:28,0
DA:30,0
DA:31,0
DA:33,0
DA:34,0
DA:40,0
DA:41,0
DA:43,0
DA:44,0
DA:46,0
DA:47,0
DA:49,0
DA:50,0
DA:57,0
DA:58,0
DA:59,0
DA:60,0
DA:63,0
DA:65,0
DA:70,0
DA:71,0
DA:80,0
DA:81,0
DA:82,0
DA:84,0
DA:85,0
DA:87,0
DA:90,0
DA:91,0
DA:97,0
DA:98,0
DA:99,0
DA:104,0
DA:105,0
DA:107,0
DA:108,0
DA:114,0
DA:115,0
DA:117,0
DA:118,0
DA:120,0
DA:121,0
DA:127,0
DA:128,0
DA:134,0
DA:135,0
DA:137,0
DA:138,0
DA:144,0
DA:146,0
DA:147,0
LF:53
LH:0
BRDA:58,0,0,0
BRDA:58,0,1,0
BRDA:59,1,0,0
BRDA:59,1,1,0
BRDA:84,2,0,0
BRDA:84,2,1,0
BRF:6
BRH:0
end_of_record
TN:
SF:src/services/scoreboardService.js
FN:19,(anonymous_0)
FN:30,(anonymous_1)
FN:48,(anonymous_2)
FN:64,(anonymous_3)
FN:68,(anonymous_4)
FN:75,(anonymous_5)
FN:86,(anonymous_6)
FN:107,(anonymous_7)
FN:112,(anonymous_8)
FN:188,(anonymous_9)
FN:215,(anonymous_10)
FNF:11
FNH:0
FNDA:0,(anonymous_0)
FNDA:0,(anonymous_1)
FNDA:0,(anonymous_2)
FNDA:0,(anonymous_3)
FNDA:0,(anonymous_4)
FNDA:0,(anonymous_5)
FNDA:0,(anonymous_6)
FNDA:0,(anonymous_7)
FNDA:0,(anonymous_8)
FNDA:0,(anonymous_9)
FNDA:0,(anonymous_10)
DA:20,0
DA:21,0
DA:22,0
DA:24,0
DA:25,0
DA:26,0
DA:30,0
DA:31,0
DA:41,0
DA:42,0
DA:44,0
DA:48,0
DA:49,0
DA:51,0
DA:56,0
DA:58,0
DA:59,0
DA:65,0
DA:66,0
DA:68,0
DA:69,0
DA:70,0
DA:71,0
DA:73,0
DA:76,0
DA:77,0
DA:80,0
DA:81,0
DA:87,0
DA:88,0
DA:89,0
DA:91,0
DA:92,0
DA:96,0
DA:99,0
DA:101,0
DA:102,0
DA:108,0
DA:113,0
DA:114,0
DA:123,0
DA:124,0
DA:125,0
DA:126,0
DA:129,0
DA:130,0
DA:133,0
DA:134,0
DA:135,0
DA:136,0
DA:138,0
DA:145,0
DA:154,0
DA:157,0
DA:160,0
DA:161,0
DA:162,0
DA:164,0
DA:167,0
DA:175,0
DA:177,0
DA:180,0
DA:182,0
DA:183,0
DA:189,0
DA:191,0
DA:192,0
DA:194,0
DA:205,0
DA:207,0
DA:209,0
DA:210,0
DA:216,0
DA:217,0
DA:218,0
DA:220,0
DA:221,0
DA:222,0
DA:225,0
DA:227,0
DA:228,0
LF:81
LH:0
BRDA:25,0,0,0
BRDA:25,0,1,0
BRDA:26,1,0,0
BRDA:26,1,1,0
BRDA:33,2,0,0
BRDA:33,2,1,0
BRDA:41,3,0,0
BRDA:41,3,1,0
BRDA:69,4,0,0
BRDA:69,4,1,0
BRDA:71,5,0,0
BRDA:71,5,1,0
BRDA:91,6,0,0
BRDA:91,6,1,0
BRDA:112,7,0,0
BRDA:124,8,0,0
BRDA:124,8,1,0
BRDA:136,9,0,0
BRDA:136,9,1,0
BRDA:161,10,0,0
BRDA:161,10,1,0
BRDA:168,11,0,0
BRDA:168,11,1,0
BRDA:192,12,0,0
BRDA:192,12,1,0
BRDA:215,13,0,0
BRDA:220,14,0,0
BRDA:220,14,1,0
BRDA:221,15,0,0
BRDA:221,15,1,0
BRF:30
BRH:0
end_of_record
TN:
SF:src/services/searchHistoryService.js
FN:15,(anonymous_0)
FN:34,(anonymous_1)
FN:41,(anonymous_2)
FN:53,(anonymous_3)
FN:58,(anonymous_4)
FN:60,(anonymous_5)
FN:64,(anonymous_6)
FN:75,(anonymous_7)
FN:91,(anonymous_8)
FN:98,(anonymous_9)
FNF:10
FNH:0
FNDA:0,(anonymous_0)
FNDA:0,(anonymous_1)
FNDA:0,(anonymous_2)
FNDA:0,(anonymous_3)
FNDA:0,(anonymous_4)
FNDA:0,(anonymous_5)
FNDA:0,(anonymous_6)
FNDA:0,(anonymous_7)
FNDA:0,(anonymous_8)
FNDA:0,(anonymous_9)
DA:16,0
DA:17,0
DA:19,0
DA:25,0
DA:26,0
DA:28,0
DA:29,0
DA:35,0
DA:36,0
DA:37,0
DA:38,0
DA:40,0
DA:41,0
DA:42,0
DA:45,0
DA:47,0
DA:48,0
DA:54,0
DA:55,0
DA:56,0
DA:58,0
DA:59,0
DA:60,0
DA:61,0
DA:63,0
DA:65,0
DA:66,0
DA:69,0
DA:70,0
DA:76,0
DA:77,0
DA:78,0
DA:82,0
DA:83,0
DA:85,0
DA:86,0
DA:92,0
DA:93,0
DA:94,0
DA:95,0
DA:97,0
DA:98,0
DA:99,0
DA:102,0
DA:104,0
DA:105,0
LF:46
LH:0
BRDA:91,0,0,0
BRF:1
BRH:0
end_of_record
TN:
SF:src/services/userService.js
FN:19,(anonymous_0)
FN:51,(anonymous_1)
FN:79,(anonymous_2)
FN:97,(anonymous_3)
FN:114,(anonymous_4)
FN:130,(anonymous_5)
FN:137,(anonymous_6)
FN:149,(anonymous_7)
FNF:8
FNH:0
FNDA:0,(anonymous_0)
FNDA:0,(anonymous_1)
FNDA:0,(anonymous_2)
FNDA:0,(anonymous_3)
FNDA:0,(anonymous_4)
FNDA:0,(anonymous_5)
FNDA:0,(anonymous_6)
FNDA:0,(anonymous_7)
DA:20,0
DA:21,0
DA:23,0
DA:42,0
DA:43,0
DA:45,0
DA:46,0
DA:52,0
DA:53,0
DA:54,0
DA:56,0
DA:57,0
DA:61,0
DA:73,0
DA:74,0
DA:80,0
DA:81,0
DA:83,0
DA:89,0
DA:91,0
DA:92,0
DA:98,0
DA:99,0
DA:101,0
DA:106,0
DA:108,0
DA:109,0
DA:115,0
DA:116,0
DA:117,0
DA:119,0
DA:120,0
DA:122,0
DA:124,0
DA:125,0
DA:131,0
DA:132,0
DA:133,0
DA:134,0
DA:136,0
DA:137,0
DA:138,0
DA:141,0
DA:143,0
DA:144,0
DA:150,0
DA:151,0
DA:152,0
DA:154,0
DA:156,0
DA:157,0
LF:51
LH:0
BRDA:26,0,0,0
BRDA:26,0,1,0
BRDA:30,1,0,0
BRDA:30,1,1,0
BRDA:56,2,0,0
BRDA:56,2,1,0
BRDA:119,3,0,0
BRDA:119,3,1,0
BRDA:130,4,0,0
BRF:9
BRH:0
end_of_record
TN:
SF:src/utils/AudioPitchDetector.jsx
FN:16,freqToNote
FN:31,AudioPitchDetector
FN:44,(anonymous_2)
FN:65,(anonymous_3)
FN:77,(anonymous_4)
FN:82,(anonymous_5)
FN:87,(anonymous_6)
FN:107,(anonymous_7)
FN:108,(anonymous_8)
FNF:9
FNH:0
FNDA:0,freqToNote
FNDA:0,AudioPitchDetector
FNDA:0,(anonymous_2)
FNDA:0,(anonymous_3)
FNDA:0,(anonymous_4)
FNDA:0,(anonymous_5)
FNDA:0,(anonymous_6)
FNDA:0,(anonymous_7)
FNDA:0,(anonymous_8)
DA:5,0
DA:6,0
DA:17,0
DA:18,0
DA:19,0
DA:20,0
DA:21,0
DA:22,0
DA:23,0
DA:26,0
DA:27,0
DA:28,0
DA:32,0
DA:33,0
DA:34,0
DA:35,0
DA:36,0
DA:37,0
DA:38,0
DA:39,0
DA:40,0
DA:41,0
DA:44,0
DA:45,0
DA:46,0
DA:47,0
DA:48,0
DA:49,0
DA:50,0
DA:51,0
DA:52,0
DA:53,0
DA:54,0
DA:55,0
DA:56,0
DA:57,0
DA:59,0
DA:60,0
DA:65,0
DA:66,0
DA:67,0
DA:68,0
DA:69,0
DA:70,0
DA:72,0
DA:73,0
DA:74,0
DA:77,0
DA:78,0
DA:82,0
DA:83,0
DA:84,0
DA:85,0
DA:86,0
DA:87,0
DA:88,0
DA:89,0
DA:90,0
DA:91,0
DA:92,0
DA:93,0
DA:94,0
DA:96,0
DA:97,0
DA:99,0
DA:100,0
DA:103,0
DA:107,0
DA:108,0
DA:112,0
LF:70
LH:0
BRDA:21,0,0,0
BRDA:21,0,1,0
BRDA:31,1,0,0
BRDA:31,2,0,0
BRDA:31,3,0,0
BRDA:31,4,0,0
BRDA:49,5,0,0
BRDA:49,5,1,0
BRDA:67,6,0,0
BRDA:67,6,1,0
BRDA:68,7,0,0
BRDA:68,7,1,0
BRDA:84,8,0,0
BRDA:84,8,1,0
BRDA:91,9,0,0
BRDA:91,9,1,0
BRDA:91,10,0,0
BRDA:91,10,1,0
BRDA:91,10,2,0
BRDA:99,11,0,0
BRDA:99,11,1,0
BRF:21
BRH:0
end_of_record
TN:
SF:src/utils/calibrationUtils.js
FN:8,calibrateDetection
FN:17,applyFilterChain
FN:19,(anonymous_2)
FN:27,getAvgConfidence
FN:38,(anonymous_4)
FN:63,(anonymous_5)
FN:78,(anonymous_6)
FN:84,(anonymous_7)
FN:99,(anonymous_8)
FN:112,(anonymous_9)
FN:127,(anonymous_10)
FN:140,(anonymous_11)
FNF:12
FNH:4
FNDA:0,calibrateDetection
FNDA:0,applyFilterChain
FNDA:0,(anonymous_2)
FNDA:0,getAvgConfidence
FNDA:0,(anonymous_4)
FNDA:0,(anonymous_5)
FNDA:0,(anonymous_6)
FNDA:0,(anonymous_7)
FNDA:4,(anonymous_8)
FNDA:4,(anonymous_9)
FNDA:4,(anonymous_10)
FNDA:4,(anonymous_11)
DA:10,0
DA:11,0
DA:12,0
DA:13,0
DA:14,0
DA:18,0
DA:19,0
DA:20,0
DA:21,0
DA:29,0
DA:30,0
DA:31,0
DA:32,0
DA:33,0
DA:34,0
DA:35,0
DA:36,0
DA:37,0
DA:38,0
DA:39,0
DA:42,0
DA:44,0
DA:48,0
DA:49,0
DA:50,0
DA:51,0
DA:52,0
DA:55,0
DA:56,0
DA:57,0
DA:58,0
DA:59,0
DA:60,0
DA:61,0
DA:62,0
DA:63,0
DA:64,0
DA:65,0
DA:66,0
DA:67,0
DA:68,0
DA:69,0
DA:70,0
DA:71,0
DA:75,0
DA:76,0
DA:77,0
DA:78,0
DA:79,0
DA:81,0
DA:84,0
DA:85,0
DA:86,0
DA:87,0
DA:95,1
DA:100,4
DA:101,4
DA:102,10200
DA:103,10200
DA:104,10200
DA:106,4
DA:113,4
DA:114,4
DA:115,4
DA:116,4
DA:117,10200
DA:118,10200
DA:119,10200
DA:121,4
DA:128,4
DA:129,3
DA:130,3
DA:131,10100
DA:132,10100
DA:134,3
DA:141,4
DA:142,3
DA:143,3
DA:144,10100
DA:145,10100
DA:146,10100
DA:148,3
LF:82
LH:28
BRDA:20,0,0,0
BRDA:20,0,1,0
BRDA:20,1,0,0
BRDA:20,1,1,0
BRDA:34,2,0,0
BRDA:34,2,1,0
BRDA:34,3,0,0
BRDA:34,3,1,0
BRDA:37,4,0,0
BRDA:37,4,1,0
BRDA:37,5,0,0
BRDA:37,5,1,0
BRDA:63,6,0,0
BRDA:63,6,1,0
BRDA:64,7,0,0
BRDA:64,7,1,0
BRDA:67,8,0,0
BRDA:67,8,1,0
BRDA:69,9,0,0
BRDA:69,9,1,0
BRDA:75,10,0,0
BRDA:75,10,1,0
BRDA:75,11,0,0
BRDA:75,11,1,0
BRDA:78,12,0,0
BRDA:78,12,1,0
BRDA:84,13,0,0
BRDA:84,13,1,0
BRDA:84,14,0,0
BRDA:84,14,1,0
BRDA:128,15,0,1
BRDA:128,15,1,3
BRDA:141,16,0,1
BRDA:141,16,1,3
BRF:34
BRH:4
end_of_record
TN:
SF:src/utils/createLeaderboard.js
FN:5,(anonymous_0)
FN:39,(anonymous_1)
FN:62,(anonymous_2)
FNF:3
FNH:0
FNDA:0,(anonymous_0)
FNDA:0,(anonymous_1)
FNDA:0,(anonymous_2)
DA:5,0
DA:6,0
DA:7,0
DA:10,0
DA:12,0
DA:17,0
DA:19,0
DA:20,0
DA:21,0
DA:22,0
DA:24,0
DA:30,0
DA:31,0
DA:39,0
DA:40,0
DA:41,0
DA:43,0
DA:44,0
DA:46,0
DA:47,0
DA:48,0
DA:49,0
DA:51,0
DA:52,0
DA:56,0
DA:57,0
DA:62,0
DA:63,0
DA:64,0
DA:66,0
DA:68,0
DA:78,0
DA:83,0
DA:84,0
DA:86,0
DA:89,0
DA:90,0
LF:37
LH:0
BRDA:46,0,0,0
BRDA:46,0,1,0
BRDA:70,1,0,0
BRDA:70,1,1,0
BRF:4
BRH:0
end_of_record
TN:
SF:src/utils/imagePreprocessing.js
FN:2,adjustBrightnessContrast
FN:16,gammaCorrection
FN:29,gaussianBlur
FN:36,sharpen
FN:43,grayscale
FN:50,histogramEqualization
FN:59,(anonymous_6)
FN:69,clahe
FN:74,colorNormalization
FN:83,(anonymous_9)
FN:93,autoWhiteBalance
FN:102,(anonymous_11)
FN:104,(anonymous_12)
FN:119,applyFilterChainToCanvas
FN:122,(anonymous_14)
FNF:15
FNH:15
FNDA:4,adjustBrightnessContrast
FNDA:2,gammaCorrection
FNDA:1,gaussianBlur
FNDA:1,sharpen
FNDA:1,grayscale
FNDA:2,histogramEqualization
FNDA:6,(anonymous_6)
FNDA:1,clahe
FNDA:1,colorNormalization
FNDA:3,(anonymous_9)
FNDA:1,autoWhiteBalance
FNDA:3,(anonymous_11)
FNDA:3,(anonymous_12)
FNDA:6,applyFilterChainToCanvas
FNDA:6,(anonymous_14)
DA:3,4
DA:4,4
DA:5,4
DA:6,100010100
DA:7,300030300
DA:8,300030300
DA:9,300030300
DA:12,4
DA:17,2
DA:18,2
DA:19,2
DA:20,2
DA:21,20000
DA:22,60000
DA:25,2
DA:30,1
DA:31,1
DA:32,1
DA:37,1
DA:38,1
DA:39,1
DA:44,1
DA:45,1
DA:46,1
DA:51,2
DA:52,2
DA:53,2
DA:54,6
DA:55,60000
DA:56,6
DA:57,6
DA:58,1530
DA:59,6
DA:60,6
DA:61,6
DA:62,60000
DA:65,2
DA:70,1
DA:75,1
DA:76,1
DA:77,1
DA:78,1
DA:79,10000
DA:80,10000
DA:81,10000
DA:83,3
DA:84,1
DA:85,10000
DA:86,30000
DA:89,1
DA:94,1
DA:95,1
DA:96,1
DA:97,1
DA:98,10000
DA:99,10000
DA:100,10000
DA:102,3
DA:103,1
DA:104,3
DA:105,1
DA:106,10000
DA:107,30000
DA:110,1
DA:120,6
DA:121,4
DA:122,6
DA:123,5
DA:124,3
LF:69
LH:69
BRDA:2,0,0,0
BRDA:2,1,0,0
BRDA:16,2,0,0
BRDA:120,3,0,2
BRDA:120,3,1,4
BRDA:120,4,0,6
BRDA:120,4,1,5
BRDA:123,5,0,3
BRDA:123,5,1,2
BRDA:123,6,0,5
BRDA:123,6,1,4
BRF:11
BRH:8
end_of_record
TN:
SF:src/utils/migrationHelper.js
FN:15,(anonymous_0)
FN:44,(anonymous_1)
FN:78,(anonymous_2)
FN:92,(anonymous_3)
FN:111,(anonymous_4)
FN:152,(anonymous_5)
FNF:6
FNH:0
FNDA:0,(anonymous_0)
FNDA:0,(anonymous_1)
FNDA:0,(anonymous_2)
FNDA:0,(anonymous_3)
FNDA:0,(anonymous_4)
FNDA:0,(anonymous_5)
DA:16,0
DA:17,0
DA:20,0
DA:21,0
DA:24,0
DA:25,0
DA:28,0
DA:29,0
DA:31,0
DA:38,0
DA:39,0
DA:45,0
DA:46,0
DA:49,0
DA:52,0
DA:60,0
DA:63,0
DA:64,0
DA:66,0
DA:72,0
DA:73,0
DA:79,0
DA:80,0
DA:85,0
DA:87,0
DA:88,0
DA:89,0
DA:90,0
DA:92,0
DA:93,0
DA:95,0
DA:97,0
DA:101,0
DA:102,0
DA:105,0
DA:106,0
DA:112,0
DA:113,0
DA:115,0
DA:139,0
DA:140,0
DA:142,0
DA:143,0
DA:146,0
DA:147,0
DA:153,0
DA:154,0
DA:156,0
DA:162,0
DA:163,0
DA:166,0
DA:167,0
LF:52
LH:0
BRDA:54,0,0,0
BRDA:54,0,1,0
BRF:2
BRH:0
end_of_record
TN:
SF:src/utils/musicUtils.js
FN:15,freqToNote
FN:37,getNoteAtPosition
FN:64,getScaleNotes
FN:71,(anonymous_3)
FN:74,getStringNotePositions
FN:96,getClosestString
FN:97,(anonymous_6)
FN:103,calculateTimingAccuracy
FN:114,isValidNote
FN:118,isValidStringIndex
FN:122,isValidFretNumber
FN:127,calculateChordNotes
FN:142,(anonymous_12)
FNF:13
FNH:0
FNDA:0,freqToNote
FNDA:0,getNoteAtPosition
FNDA:0,getScaleNotes
FNDA:0,(anonymous_3)
FNDA:0,getStringNotePositions
FNDA:0,getClosestString
FNDA:0,(anonymous_6)
FNDA:0,calculateTimingAccuracy
FNDA:0,isValidNote
FNDA:0,isValidStringIndex
FNDA:0,isValidFretNumber
FNDA:0,calculateChordNotes
FNDA:0,(anonymous_12)
DA:2,0
DA:3,0
DA:16,0
DA:17,0
DA:20,0
DA:21,0
DA:22,0
DA:23,0
DA:24,0
DA:25,0
DA:26,0
DA:29,0
DA:30,0
DA:31,0
DA:35,0
DA:38,0
DA:39,0
DA:41,0
DA:42,0
DA:45,0
DA:46,0
DA:47,0
DA:51,0
DA:65,0
DA:66,0
DA:68,0
DA:69,0
DA:71,0
DA:75,0
DA:76,0
DA:77,0
DA:78,0
DA:79,0
DA:80,0
DA:83,0
DA:87,0
DA:97,0
DA:98,0
DA:104,0
DA:105,0
DA:106,0
DA:107,0
DA:108,0
DA:109,0
DA:110,0
DA:115,0
DA:119,0
DA:123,0
DA:128,0
DA:129,0
DA:131,0
DA:141,0
DA:142,0
LF:53
LH:0
BRDA:16,0,0,0
BRDA:16,0,1,0
BRDA:16,1,0,0
BRDA:16,1,1,0
BRDA:24,2,0,0
BRDA:24,2,1,0
BRDA:38,3,0,0
BRDA:38,3,1,0
BRDA:38,4,0,0
BRDA:38,4,1,0
BRDA:41,5,0,0
BRDA:41,5,1,0
BRDA:66,6,0,0
BRDA:66,6,1,0
BRDA:69,7,0,0
BRDA:69,7,1,0
BRDA:74,8,0,0
BRDA:79,9,0,0
BRDA:79,9,1,0
BRDA:98,10,0,0
BRDA:98,10,1,0
BRDA:105,11,0,0
BRDA:105,11,1,0
BRDA:106,12,0,0
BRDA:106,12,1,0
BRDA:107,13,0,0
BRDA:107,13,1,0
BRDA:108,14,0,0
BRDA:108,14,1,0
BRDA:109,15,0,0
BRDA:109,15,1,0
BRDA:119,16,0,0
BRDA:119,16,1,0
BRDA:123,17,0,0
BRDA:123,17,1,0
BRDA:127,18,0,0
BRDA:129,19,0,0
BRDA:129,19,1,0
BRDA:141,20,0,0
BRDA:141,20,1,0
BRF:40
BRH:0
end_of_record
TN:
SF:src/utils/setupLeaderboard.js
FN:5,(anonymous_0)
FN:25,(anonymous_1)
FNF:2
FNH:0
FNDA:0,(anonymous_0)
FNDA:0,(anonymous_1)
DA:5,0
DA:6,0
DA:7,0
DA:9,0
DA:11,0
DA:16,0
DA:17,0
DA:19,0
DA:20,0
DA:25,0
DA:26,0
DA:27,0
DA:30,0
DA:33,0
DA:43,0
DA:44,0
DA:49,0
DA:50,0
DA:52,0
DA:53,0
LF:20
LH:0
BRDA:35,0,0,0
BRDA:35,0,1,0
BRF:2
BRH:0
end_of_record
TN:
SF:src/utils/youtubeUtils.js
FN:4,(anonymous_0)
FN:32,(anonymous_1)
FNF:2
FNH:0
FNDA:0,(anonymous_0)
FNDA:0,(anonymous_1)
DA:2,0
DA:4,0
DA:5,0
DA:6,0
DA:7,0
DA:10,0
DA:11,0
DA:15,0
DA:16,0
DA:19,0
DA:21,0
DA:22,0
DA:25,0
DA:27,0
DA:28,0
DA:32,0
DA:33,0
DA:34,0
DA:35,0
LF:19
LH:0
BRDA:2,0,0,0
BRDA:2,0,1,0
BRDA:5,1,0,0
BRDA:5,1,1,0
BRDA:15,2,0,0
BRDA:15,2,1,0
BRDA:21,3,0,0
BRDA:21,3,1,0
BRDA:21,4,0,0
BRDA:21,4,1,0
BRDA:35,5,0,0
BRDA:35,5,1,0
BRDA:35,6,0,0
BRDA:35,6,1,0
BRF:14
BRH:0
end_of_record
